{"/Users/marvy/Documents/OpenSource/StellarGrant-fe/api/vitest.config.ts": {"path":"/Users/marvy/Documents/OpenSource/StellarGrant-fe/api/vitest.config.ts","all":true,"statementMap":{"0":{"start":{"line":1,"column":0},"end":{"line":1,"column":45}},"2":{"start":{"line":3,"column":0},"end":{"line":3,"column":29}},"3":{"start":{"line":4,"column":0},"end":{"line":4,"column":9}},"4":{"start":{"line":5,"column":0},"end":{"line":5,"column":36}},"5":{"start":{"line":6,"column":0},"end":{"line":6,"column":24}},"6":{"start":{"line":7,"column":0},"end":{"line":7,"column":15}},"7":{"start":{"line":8,"column":0},"end":{"line":8,"column":21}},"8":{"start":{"line":9,"column":0},"end":{"line":9,"column":41}},"9":{"start":{"line":10,"column":0},"end":{"line":10,"column":74}},"10":{"start":{"line":11,"column":0},"end":{"line":11,"column":6}},"11":{"start":{"line":12,"column":0},"end":{"line":12,"column":4}},"12":{"start":{"line":13,"column":0},"end":{"line":13,"column":3}}},"s":{"0":0,"2":0,"3":0,"4":0,"5":0,"6":0,"7":0,"8":0,"9":0,"10":0,"11":0,"12":0},"branchMap":{"0":{"type":"branch","line":1,"loc":{"start":{"line":1,"column":319},"end":{"line":13,"column":3}},"locations":[{"start":{"line":1,"column":319},"end":{"line":13,"column":3}}]}},"b":{"0":[0]},"fnMap":{"0":{"name":"(empty-report)","decl":{"start":{"line":1,"column":319},"end":{"line":13,"column":3}},"loc":{"start":{"line":1,"column":319},"end":{"line":13,"column":3}},"line":1}},"f":{"0":0}}
,"/Users/marvy/Documents/OpenSource/StellarGrant-fe/api/src/app.ts": {"path":"/Users/marvy/Documents/OpenSource/StellarGrant-fe/api/src/app.ts","all":false,"statementMap":{"0":{"start":{"line":1,"column":0},"end":{"line":1,"column":30}},"1":{"start":{"line":2,"column":0},"end":{"line":2,"column":28}},"3":{"start":{"line":4,"column":0},"end":{"line":4,"column":41}},"4":{"start":{"line":5,"column":0},"end":{"line":5,"column":59}},"5":{"start":{"line":6,"column":0},"end":{"line":6,"column":51}},"6":{"start":{"line":7,"column":0},"end":{"line":7,"column":69}},"7":{"start":{"line":8,"column":0},"end":{"line":8,"column":62}},"8":{"start":{"line":9,"column":0},"end":{"line":9,"column":50}},"9":{"start":{"line":10,"column":0},"end":{"line":10,"column":65}},"10":{"start":{"line":11,"column":0},"end":{"line":11,"column":68}},"11":{"start":{"line":12,"column":0},"end":{"line":12,"column":64}},"12":{"start":{"line":13,"column":0},"end":{"line":13,"column":53}},"13":{"start":{"line":14,"column":0},"end":{"line":14,"column":47}},"14":{"start":{"line":15,"column":0},"end":{"line":15,"column":70}},"16":{"start":{"line":17,"column":0},"end":{"line":17,"column":63}},"18":{"start":{"line":19,"column":0},"end":{"line":19,"column":92}},"19":{"start":{"line":20,"column":0},"end":{"line":20,"column":24}},"20":{"start":{"line":21,"column":0},"end":{"line":21,"column":20}},"21":{"start":{"line":22,"column":0},"end":{"line":22,"column":26}},"23":{"start":{"line":24,"column":0},"end":{"line":24,"column":52}},"26":{"start":{"line":27,"column":0},"end":{"line":27,"column":52}},"27":{"start":{"line":28,"column":0},"end":{"line":28,"column":61}},"28":{"start":{"line":29,"column":0},"end":{"line":29,"column":75}},"29":{"start":{"line":30,"column":0},"end":{"line":30,"column":50}},"30":{"start":{"line":31,"column":0},"end":{"line":31,"column":64}},"32":{"start":{"line":33,"column":0},"end":{"line":33,"column":64}},"33":{"start":{"line":34,"column":0},"end":{"line":34,"column":58}},"34":{"start":{"line":35,"column":0},"end":{"line":35,"column":65}},"36":{"start":{"line":37,"column":0},"end":{"line":37,"column":60}},"37":{"start":{"line":38,"column":0},"end":{"line":38,"column":23}},"38":{"start":{"line":39,"column":0},"end":{"line":39,"column":68}},"39":{"start":{"line":40,"column":0},"end":{"line":40,"column":86}},"40":{"start":{"line":41,"column":0},"end":{"line":41,"column":70}},"41":{"start":{"line":42,"column":0},"end":{"line":42,"column":104}},"43":{"start":{"line":44,"column":0},"end":{"line":44,"column":104}},"44":{"start":{"line":45,"column":0},"end":{"line":45,"column":81}},"45":{"start":{"line":46,"column":0},"end":{"line":46,"column":45}},"46":{"start":{"line":47,"column":0},"end":{"line":47,"column":5}},"48":{"start":{"line":49,"column":0},"end":{"line":49,"column":13}},"49":{"start":{"line":50,"column":0},"end":{"line":50,"column":2}}},"s":{"0":1,"1":1,"3":1,"4":1,"5":1,"6":1,"7":1,"8":1,"9":1,"10":1,"11":1,"12":1,"13":1,"14":1,"16":1,"18":1,"19":41,"20":41,"21":41,"23":41,"26":41,"27":41,"28":41,"29":41,"30":41,"32":41,"33":41,"34":41,"36":41,"37":41,"38":41,"39":41,"40":41,"41":41,"43":41,"44":0,"45":0,"46":41,"48":41,"49":41},"branchMap":{"0":{"type":"branch","line":19,"loc":{"start":{"line":19,"column":25},"end":{"line":50,"column":2}},"locations":[{"start":{"line":19,"column":25},"end":{"line":50,"column":2}}]}},"b":{"0":[41]},"fnMap":{"0":{"name":"createApp","decl":{"start":{"line":19,"column":25},"end":{"line":50,"column":2}},"loc":{"start":{"line":19,"column":25},"end":{"line":50,"column":2}},"line":19}},"f":{"0":41}}
,"/Users/marvy/Documents/OpenSource/StellarGrant-fe/api/src/config/env.ts": {"path":"/Users/marvy/Documents/OpenSource/StellarGrant-fe/api/src/config/env.ts","all":false,"statementMap":{"0":{"start":{"line":1,"column":0},"end":{"line":1,"column":28}},"2":{"start":{"line":3,"column":0},"end":{"line":3,"column":16}},"4":{"start":{"line":5,"column":0},"end":{"line":5,"column":20}},"5":{"start":{"line":6,"column":0},"end":{"line":6,"column":41}},"6":{"start":{"line":7,"column":0},"end":{"line":7,"column":14}},"7":{"start":{"line":8,"column":0},"end":{"line":8,"column":91}},"8":{"start":{"line":9,"column":0},"end":{"line":9,"column":100}},"9":{"start":{"line":10,"column":0},"end":{"line":10,"column":2}}},"s":{"0":1,"2":1,"4":1,"5":1,"6":1,"7":1,"8":1,"9":1},"branchMap":{"0":{"type":"branch","line":9,"loc":{"start":{"line":9,"column":69},"end":{"line":9,"column":82}},"locations":[{"start":{"line":9,"column":69},"end":{"line":9,"column":82}}]}},"b":{"0":[4]},"fnMap":{},"f":{}}
,"/Users/marvy/Documents/OpenSource/StellarGrant-fe/api/src/db/data-source.ts": {"path":"/Users/marvy/Documents/OpenSource/StellarGrant-fe/api/src/db/data-source.ts","all":false,"statementMap":{"0":{"start":{"line":1,"column":0},"end":{"line":1,"column":26}},"1":{"start":{"line":2,"column":0},"end":{"line":2,"column":37}},"2":{"start":{"line":3,"column":0},"end":{"line":3,"column":36}},"3":{"start":{"line":4,"column":0},"end":{"line":4,"column":42}},"4":{"start":{"line":5,"column":0},"end":{"line":5,"column":60}},"5":{"start":{"line":6,"column":0},"end":{"line":6,"column":54}},"6":{"start":{"line":7,"column":0},"end":{"line":7,"column":58}},"7":{"start":{"line":8,"column":0},"end":{"line":8,"column":48}},"9":{"start":{"line":10,"column":0},"end":{"line":10,"column":65}},"10":{"start":{"line":11,"column":0},"end":{"line":11,"column":18}},"11":{"start":{"line":12,"column":0},"end":{"line":12,"column":65}},"12":{"start":{"line":13,"column":0},"end":{"line":13,"column":39}},"13":{"start":{"line":14,"column":0},"end":{"line":14,"column":74}},"14":{"start":{"line":15,"column":0},"end":{"line":15,"column":30}},"15":{"start":{"line":16,"column":0},"end":{"line":16,"column":76}},"16":{"start":{"line":17,"column":0},"end":{"line":17,"column":22}},"17":{"start":{"line":18,"column":0},"end":{"line":18,"column":5}}},"s":{"0":1,"1":1,"2":1,"3":1,"4":1,"5":1,"6":1,"7":1,"9":1,"10":4,"11":4,"12":4,"13":4,"14":0,"15":4,"16":4,"17":4},"branchMap":{"0":{"type":"branch","line":10,"loc":{"start":{"line":10,"column":31},"end":{"line":18,"column":5}},"locations":[{"start":{"line":10,"column":31},"end":{"line":18,"column":5}}]},"1":{"type":"branch","line":12,"loc":{"start":{"line":12,"column":44},"end":{"line":12,"column":65}},"locations":[{"start":{"line":12,"column":44},"end":{"line":12,"column":65}}]},"2":{"type":"branch","line":14,"loc":{"start":{"line":14,"column":73},"end":{"line":15,"column":30}},"locations":[{"start":{"line":14,"column":73},"end":{"line":15,"column":30}}]}},"b":{"0":[4],"1":[0],"2":[0]},"fnMap":{"0":{"name":"buildDataSource","decl":{"start":{"line":10,"column":31},"end":{"line":18,"column":5}},"loc":{"start":{"line":10,"column":31},"end":{"line":18,"column":5}},"line":10}},"f":{"0":4}}
,"/Users/marvy/Documents/OpenSource/StellarGrant-fe/api/src/entities/AuditLog.ts": {"path":"/Users/marvy/Documents/OpenSource/StellarGrant-fe/api/src/entities/AuditLog.ts","all":false,"statementMap":{"0":{"start":{"line":1,"column":0},"end":{"line":1,"column":83}},"2":{"start":{"line":3,"column":0},"end":{"line":3,"column":31}},"3":{"start":{"line":4,"column":0},"end":{"line":4,"column":23}},"4":{"start":{"line":5,"column":0},"end":{"line":5,"column":38}},"5":{"start":{"line":6,"column":0},"end":{"line":6,"column":14}},"7":{"start":{"line":8,"column":0},"end":{"line":8,"column":43}},"8":{"start":{"line":9,"column":0},"end":{"line":9,"column":24}},"10":{"start":{"line":11,"column":0},"end":{"line":11,"column":42}},"11":{"start":{"line":12,"column":0},"end":{"line":12,"column":18}},"13":{"start":{"line":14,"column":0},"end":{"line":14,"column":43}},"14":{"start":{"line":15,"column":0},"end":{"line":15,"column":25}},"16":{"start":{"line":17,"column":0},"end":{"line":17,"column":43}},"17":{"start":{"line":18,"column":0},"end":{"line":18,"column":26}},"19":{"start":{"line":20,"column":0},"end":{"line":20,"column":21}},"20":{"start":{"line":21,"column":0},"end":{"line":21,"column":19}},"21":{"start":{"line":22,"column":0},"end":{"line":22,"column":1}}},"s":{"0":1,"2":1,"3":1,"4":6,"5":6,"7":6,"8":6,"10":6,"11":6,"13":6,"14":6,"16":6,"17":6,"19":6,"20":6,"21":6},"branchMap":{"0":{"type":"branch","line":4,"loc":{"start":{"line":4,"column":22},"end":{"line":22,"column":1}},"locations":[{"start":{"line":4,"column":22},"end":{"line":22,"column":1}}]}},"b":{"0":[6]},"fnMap":{"0":{"name":"<instance_members_initializer>","decl":{"start":{"line":4,"column":22},"end":{"line":22,"column":1}},"loc":{"start":{"line":4,"column":22},"end":{"line":22,"column":1}},"line":4}},"f":{"0":6}}
,"/Users/marvy/Documents/OpenSource/StellarGrant-fe/api/src/entities/Contributor.ts": {"path":"/Users/marvy/Documents/OpenSource/StellarGrant-fe/api/src/entities/Contributor.ts","all":false,"statementMap":{"0":{"start":{"line":1,"column":0},"end":{"line":1,"column":81}},"2":{"start":{"line":3,"column":0},"end":{"line":3,"column":33}},"3":{"start":{"line":4,"column":0},"end":{"line":4,"column":26}},"4":{"start":{"line":5,"column":0},"end":{"line":5,"column":50}},"5":{"start":{"line":6,"column":0},"end":{"line":6,"column":19}},"7":{"start":{"line":8,"column":0},"end":{"line":8,"column":38}},"8":{"start":{"line":9,"column":0},"end":{"line":9,"column":39}},"9":{"start":{"line":10,"column":0},"end":{"line":10,"column":22}},"11":{"start":{"line":12,"column":0},"end":{"line":12,"column":38}},"12":{"start":{"line":13,"column":0},"end":{"line":13,"column":32}},"14":{"start":{"line":15,"column":0},"end":{"line":15,"column":46}},"15":{"start":{"line":16,"column":0},"end":{"line":16,"column":26}},"17":{"start":{"line":18,"column":0},"end":{"line":18,"column":21}},"18":{"start":{"line":19,"column":0},"end":{"line":19,"column":19}},"19":{"start":{"line":20,"column":0},"end":{"line":20,"column":1}}},"s":{"0":1,"2":1,"3":1,"4":223,"5":223,"7":223,"8":223,"9":223,"11":223,"12":223,"14":223,"15":223,"17":223,"18":223,"19":223},"branchMap":{"0":{"type":"branch","line":4,"loc":{"start":{"line":4,"column":25},"end":{"line":20,"column":1}},"locations":[{"start":{"line":4,"column":25},"end":{"line":20,"column":1}}]}},"b":{"0":[223]},"fnMap":{"0":{"name":"<instance_members_initializer>","decl":{"start":{"line":4,"column":25},"end":{"line":20,"column":1}},"loc":{"start":{"line":4,"column":25},"end":{"line":20,"column":1}},"line":4}},"f":{"0":223}}
,"/Users/marvy/Documents/OpenSource/StellarGrant-fe/api/src/entities/Grant.ts": {"path":"/Users/marvy/Documents/OpenSource/StellarGrant-fe/api/src/entities/Grant.ts","all":false,"statementMap":{"0":{"start":{"line":1,"column":0},"end":{"line":1,"column":92}},"1":{"start":{"line":2,"column":0},"end":{"line":2,"column":50}},"3":{"start":{"line":4,"column":0},"end":{"line":4,"column":27}},"4":{"start":{"line":5,"column":0},"end":{"line":5,"column":39}},"5":{"start":{"line":6,"column":0},"end":{"line":6,"column":46}},"6":{"start":{"line":7,"column":0},"end":{"line":7,"column":50}},"7":{"start":{"line":8,"column":0},"end":{"line":8,"column":20}},"8":{"start":{"line":9,"column":0},"end":{"line":9,"column":33}},"9":{"start":{"line":10,"column":0},"end":{"line":10,"column":14}},"11":{"start":{"line":12,"column":0},"end":{"line":12,"column":43}},"12":{"start":{"line":13,"column":0},"end":{"line":13,"column":17}},"14":{"start":{"line":15,"column":0},"end":{"line":15,"column":42}},"15":{"start":{"line":16,"column":0},"end":{"line":16,"column":18}},"17":{"start":{"line":18,"column":0},"end":{"line":18,"column":43}},"18":{"start":{"line":19,"column":0},"end":{"line":19,"column":21}},"20":{"start":{"line":21,"column":0},"end":{"line":21,"column":42}},"21":{"start":{"line":22,"column":0},"end":{"line":22,"column":23}},"27":{"start":{"line":28,"column":0},"end":{"line":28,"column":43}},"28":{"start":{"line":29,"column":0},"end":{"line":29,"column":23}},"30":{"start":{"line":31,"column":0},"end":{"line":31,"column":50}},"31":{"start":{"line":32,"column":0},"end":{"line":32,"column":86}},"33":{"start":{"line":34,"column":0},"end":{"line":34,"column":21}},"34":{"start":{"line":35,"column":0},"end":{"line":35,"column":19}},"36":{"start":{"line":37,"column":0},"end":{"line":37,"column":58}},"37":{"start":{"line":38,"column":0},"end":{"line":38,"column":28}},"38":{"start":{"line":39,"column":0},"end":{"line":39,"column":1}}},"s":{"0":1,"1":1,"3":1,"4":1,"5":1,"6":1,"7":1,"8":155,"9":155,"11":155,"12":155,"14":155,"15":155,"17":155,"18":155,"20":155,"21":155,"27":155,"28":155,"30":155,"31":155,"33":155,"34":155,"36":155,"37":155,"38":155},"branchMap":{"0":{"type":"branch","line":8,"loc":{"start":{"line":8,"column":19},"end":{"line":39,"column":1}},"locations":[{"start":{"line":8,"column":19},"end":{"line":39,"column":1}}]},"1":{"type":"branch","line":38,"loc":{"start":{"line":38,"column":2},"end":{"line":38,"column":28}},"locations":[{"start":{"line":38,"column":2},"end":{"line":38,"column":28}}]},"2":{"type":"branch","line":38,"loc":{"start":{"line":38,"column":2},"end":{"line":38,"column":28}},"locations":[{"start":{"line":38,"column":2},"end":{"line":38,"column":28}}]}},"b":{"0":[155],"1":[4],"2":[4]},"fnMap":{"0":{"name":"<instance_members_initializer>","decl":{"start":{"line":8,"column":19},"end":{"line":39,"column":1}},"loc":{"start":{"line":8,"column":19},"end":{"line":39,"column":1}},"line":8}},"f":{"0":155}}
,"/Users/marvy/Documents/OpenSource/StellarGrant-fe/api/src/entities/MilestoneProof.ts": {"path":"/Users/marvy/Documents/OpenSource/StellarGrant-fe/api/src/entities/MilestoneProof.ts","all":false,"statementMap":{"0":{"start":{"line":1,"column":0},"end":{"line":1,"column":8}},"9":{"start":{"line":10,"column":0},"end":{"line":10,"column":32}},"11":{"start":{"line":12,"column":0},"end":{"line":12,"column":37}},"12":{"start":{"line":13,"column":0},"end":{"line":13,"column":36}},"13":{"start":{"line":14,"column":0},"end":{"line":14,"column":29}},"14":{"start":{"line":15,"column":0},"end":{"line":15,"column":38}},"15":{"start":{"line":16,"column":0},"end":{"line":16,"column":14}},"17":{"start":{"line":18,"column":0},"end":{"line":18,"column":26}},"18":{"start":{"line":19,"column":0},"end":{"line":19,"column":19}},"20":{"start":{"line":21,"column":0},"end":{"line":21,"column":26}},"21":{"start":{"line":22,"column":0},"end":{"line":22,"column":24}},"23":{"start":{"line":24,"column":0},"end":{"line":24,"column":43}},"24":{"start":{"line":25,"column":0},"end":{"line":25,"column":20}},"26":{"start":{"line":27,"column":0},"end":{"line":27,"column":43}},"27":{"start":{"line":28,"column":0},"end":{"line":28,"column":23}},"29":{"start":{"line":30,"column":0},"end":{"line":30,"column":43}},"30":{"start":{"line":31,"column":0},"end":{"line":31,"column":21}},"32":{"start":{"line":33,"column":0},"end":{"line":33,"column":42}},"33":{"start":{"line":34,"column":0},"end":{"line":34,"column":17}},"35":{"start":{"line":36,"column":0},"end":{"line":36,"column":21}},"36":{"start":{"line":37,"column":0},"end":{"line":37,"column":19}},"38":{"start":{"line":39,"column":0},"end":{"line":39,"column":75}},"39":{"start":{"line":40,"column":0},"end":{"line":40,"column":34}},"40":{"start":{"line":41,"column":0},"end":{"line":41,"column":16}},"41":{"start":{"line":42,"column":0},"end":{"line":42,"column":1}}},"s":{"0":1,"9":1,"11":1,"12":1,"13":1,"14":4,"15":4,"17":4,"18":4,"20":4,"21":4,"23":4,"24":4,"26":4,"27":4,"29":4,"30":4,"32":4,"33":4,"35":4,"36":4,"38":4,"39":4,"40":4,"41":4},"branchMap":{"0":{"type":"branch","line":14,"loc":{"start":{"line":14,"column":28},"end":{"line":42,"column":1}},"locations":[{"start":{"line":14,"column":28},"end":{"line":42,"column":1}}]},"1":{"type":"branch","line":41,"loc":{"start":{"line":41,"column":2},"end":{"line":41,"column":16}},"locations":[{"start":{"line":41,"column":2},"end":{"line":41,"column":16}}]},"2":{"type":"branch","line":41,"loc":{"start":{"line":41,"column":2},"end":{"line":41,"column":16}},"locations":[{"start":{"line":41,"column":2},"end":{"line":41,"column":16}}]}},"b":{"0":[4],"1":[4],"2":[4]},"fnMap":{"0":{"name":"<instance_members_initializer>","decl":{"start":{"line":14,"column":28},"end":{"line":42,"column":1}},"loc":{"start":{"line":14,"column":28},"end":{"line":42,"column":1}},"line":14},"1":{"name":"__decorateClass.onDelete","decl":{"start":{"line":41,"column":2},"end":{"line":41,"column":16}},"loc":{"start":{"line":41,"column":2},"end":{"line":41,"column":16}},"line":41},"2":{"name":"__decorateClass.onDelete","decl":{"start":{"line":41,"column":2},"end":{"line":41,"column":16}},"loc":{"start":{"line":41,"column":2},"end":{"line":41,"column":16}},"line":41}},"f":{"0":4,"1":4,"2":4}}
,"/Users/marvy/Documents/OpenSource/StellarGrant-fe/api/src/entities/RateLimitLog.ts": {"path":"/Users/marvy/Documents/OpenSource/StellarGrant-fe/api/src/entities/RateLimitLog.ts","all":false,"statementMap":{"0":{"start":{"line":1,"column":0},"end":{"line":1,"column":8}},"7":{"start":{"line":8,"column":0},"end":{"line":8,"column":9}},"8":{"start":{"line":9,"column":0},"end":{"line":9,"column":27}},"9":{"start":{"line":10,"column":0},"end":{"line":10,"column":27}},"10":{"start":{"line":11,"column":0},"end":{"line":11,"column":14}},"12":{"start":{"line":13,"column":0},"end":{"line":13,"column":42}},"13":{"start":{"line":14,"column":0},"end":{"line":14,"column":14}},"15":{"start":{"line":16,"column":0},"end":{"line":16,"column":43}},"16":{"start":{"line":17,"column":0},"end":{"line":17,"column":16}},"18":{"start":{"line":19,"column":0},"end":{"line":19,"column":42}},"19":{"start":{"line":20,"column":0},"end":{"line":20,"column":18}},"21":{"start":{"line":22,"column":0},"end":{"line":22,"column":59}},"22":{"start":{"line":23,"column":0},"end":{"line":23,"column":21}},"24":{"start":{"line":25,"column":0},"end":{"line":25,"column":21}},"25":{"start":{"line":26,"column":0},"end":{"line":26,"column":19}},"26":{"start":{"line":27,"column":0},"end":{"line":27,"column":1}}},"s":{"0":1,"7":1,"8":1,"9":0,"10":0,"12":0,"13":0,"15":0,"16":0,"18":0,"19":0,"21":0,"22":0,"24":0,"25":0,"26":0},"branchMap":{},"b":{},"fnMap":{"0":{"name":"<instance_members_initializer>","decl":{"start":{"line":9,"column":26},"end":{"line":27,"column":1}},"loc":{"start":{"line":9,"column":26},"end":{"line":27,"column":1}},"line":9}},"f":{"0":0}}
,"/Users/marvy/Documents/OpenSource/StellarGrant-fe/api/src/entities/ReputationLog.ts": {"path":"/Users/marvy/Documents/OpenSource/StellarGrant-fe/api/src/entities/ReputationLog.ts","all":false,"statementMap":{"0":{"start":{"line":1,"column":0},"end":{"line":1,"column":90}},"2":{"start":{"line":3,"column":0},"end":{"line":3,"column":36}},"3":{"start":{"line":4,"column":0},"end":{"line":4,"column":28}},"4":{"start":{"line":5,"column":0},"end":{"line":5,"column":38}},"5":{"start":{"line":6,"column":0},"end":{"line":6,"column":14}},"7":{"start":{"line":8,"column":0},"end":{"line":8,"column":43}},"8":{"start":{"line":9,"column":0},"end":{"line":9,"column":39}},"9":{"start":{"line":10,"column":0},"end":{"line":10,"column":19}},"11":{"start":{"line":12,"column":0},"end":{"line":12,"column":26}},"12":{"start":{"line":13,"column":0},"end":{"line":13,"column":16}},"14":{"start":{"line":15,"column":0},"end":{"line":15,"column":21}},"15":{"start":{"line":16,"column":0},"end":{"line":16,"column":41}},"16":{"start":{"line":17,"column":0},"end":{"line":17,"column":19}},"17":{"start":{"line":18,"column":0},"end":{"line":18,"column":1}}},"s":{"0":1,"2":1,"3":1,"4":17,"5":17,"7":17,"8":17,"9":17,"11":17,"12":17,"14":17,"15":17,"16":17,"17":17},"branchMap":{"0":{"type":"branch","line":4,"loc":{"start":{"line":4,"column":27},"end":{"line":18,"column":1}},"locations":[{"start":{"line":4,"column":27},"end":{"line":18,"column":1}}]}},"b":{"0":[17]},"fnMap":{"0":{"name":"<instance_members_initializer>","decl":{"start":{"line":4,"column":27},"end":{"line":18,"column":1}},"loc":{"start":{"line":4,"column":27},"end":{"line":18,"column":1}},"line":4}},"f":{"0":17}}
,"/Users/marvy/Documents/OpenSource/StellarGrant-fe/api/src/middlewares/admin-middleware.ts": {"path":"/Users/marvy/Documents/OpenSource/StellarGrant-fe/api/src/middlewares/admin-middleware.ts","all":false,"statementMap":{"1":{"start":{"line":2,"column":0},"end":{"line":2,"column":36}},"4":{"start":{"line":5,"column":0},"end":{"line":5,"column":77}},"5":{"start":{"line":6,"column":0},"end":{"line":6,"column":63}},"6":{"start":{"line":7,"column":0},"end":{"line":7,"column":50}},"7":{"start":{"line":8,"column":0},"end":{"line":8,"column":54}},"8":{"start":{"line":9,"column":0},"end":{"line":9,"column":46}},"9":{"start":{"line":10,"column":0},"end":{"line":10,"column":75}},"11":{"start":{"line":12,"column":0},"end":{"line":12,"column":57}},"12":{"start":{"line":13,"column":0},"end":{"line":13,"column":78}},"13":{"start":{"line":14,"column":0},"end":{"line":14,"column":13}},"14":{"start":{"line":15,"column":0},"end":{"line":15,"column":5}},"16":{"start":{"line":17,"column":0},"end":{"line":17,"column":48}},"17":{"start":{"line":18,"column":0},"end":{"line":18,"column":68}},"18":{"start":{"line":19,"column":0},"end":{"line":19,"column":13}},"19":{"start":{"line":20,"column":0},"end":{"line":20,"column":5}},"21":{"start":{"line":22,"column":0},"end":{"line":22,"column":36}},"22":{"start":{"line":23,"column":0},"end":{"line":23,"column":55}},"23":{"start":{"line":24,"column":0},"end":{"line":24,"column":72}},"24":{"start":{"line":25,"column":0},"end":{"line":25,"column":13}},"25":{"start":{"line":26,"column":0},"end":{"line":26,"column":5}},"27":{"start":{"line":28,"column":0},"end":{"line":28,"column":68}},"28":{"start":{"line":29,"column":0},"end":{"line":29,"column":56}},"29":{"start":{"line":30,"column":0},"end":{"line":30,"column":14}},"30":{"start":{"line":31,"column":0},"end":{"line":31,"column":12}},"31":{"start":{"line":32,"column":0},"end":{"line":32,"column":16}},"32":{"start":{"line":33,"column":0},"end":{"line":33,"column":13}},"33":{"start":{"line":34,"column":0},"end":{"line":34,"column":16}},"34":{"start":{"line":35,"column":0},"end":{"line":35,"column":7}},"36":{"start":{"line":37,"column":0},"end":{"line":37,"column":19}},"37":{"start":{"line":38,"column":0},"end":{"line":38,"column":65}},"38":{"start":{"line":39,"column":0},"end":{"line":39,"column":13}},"39":{"start":{"line":40,"column":0},"end":{"line":40,"column":5}},"42":{"start":{"line":43,"column":0},"end":{"line":43,"column":40}},"43":{"start":{"line":44,"column":0},"end":{"line":44,"column":11}},"44":{"start":{"line":45,"column":0},"end":{"line":45,"column":4}},"45":{"start":{"line":46,"column":0},"end":{"line":46,"column":2}}},"s":{"1":1,"4":1,"5":41,"6":4,"7":4,"8":4,"9":4,"11":4,"12":1,"13":1,"14":1,"16":4,"17":1,"18":1,"19":1,"21":2,"22":4,"23":0,"24":0,"25":0,"27":2,"28":2,"29":2,"30":2,"31":2,"32":2,"33":2,"34":2,"36":4,"37":0,"38":0,"39":0,"42":2,"43":2,"44":4,"45":41},"branchMap":{"0":{"type":"branch","line":5,"loc":{"start":{"line":5,"column":36},"end":{"line":46,"column":2}},"locations":[{"start":{"line":5,"column":36},"end":{"line":46,"column":2}}]},"1":{"type":"branch","line":6,"loc":{"start":{"line":6,"column":9},"end":{"line":45,"column":4}},"locations":[{"start":{"line":6,"column":9},"end":{"line":45,"column":4}}]},"2":{"type":"branch","line":10,"loc":{"start":{"line":10,"column":61},"end":{"line":10,"column":71}},"locations":[{"start":{"line":10,"column":61},"end":{"line":10,"column":71}}]},"3":{"type":"branch","line":12,"loc":{"start":{"line":12,"column":9},"end":{"line":12,"column":34}},"locations":[{"start":{"line":12,"column":9},"end":{"line":12,"column":34}}]},"4":{"type":"branch","line":12,"loc":{"start":{"line":12,"column":21},"end":{"line":12,"column":44}},"locations":[{"start":{"line":12,"column":21},"end":{"line":12,"column":44}}]},"5":{"type":"branch","line":12,"loc":{"start":{"line":12,"column":35},"end":{"line":12,"column":56}},"locations":[{"start":{"line":12,"column":35},"end":{"line":12,"column":56}}]},"6":{"type":"branch","line":12,"loc":{"start":{"line":12,"column":56},"end":{"line":15,"column":5}},"locations":[{"start":{"line":12,"column":56},"end":{"line":15,"column":5}}]},"7":{"type":"branch","line":15,"loc":{"start":{"line":15,"column":4},"end":{"line":17,"column":47}},"locations":[{"start":{"line":15,"column":4},"end":{"line":17,"column":47}}]},"8":{"type":"branch","line":17,"loc":{"start":{"line":17,"column":47},"end":{"line":20,"column":5}},"locations":[{"start":{"line":17,"column":47},"end":{"line":20,"column":5}}]},"9":{"type":"branch","line":20,"loc":{"start":{"line":20,"column":4},"end":{"line":23,"column":54}},"locations":[{"start":{"line":20,"column":4},"end":{"line":23,"column":54}}]},"10":{"type":"branch","line":23,"loc":{"start":{"line":23,"column":54},"end":{"line":26,"column":5}},"locations":[{"start":{"line":23,"column":54},"end":{"line":26,"column":5}}]},"11":{"type":"branch","line":26,"loc":{"start":{"line":26,"column":4},"end":{"line":37,"column":18}},"locations":[{"start":{"line":26,"column":4},"end":{"line":37,"column":18}}]},"12":{"type":"branch","line":37,"loc":{"start":{"line":37,"column":18},"end":{"line":40,"column":5}},"locations":[{"start":{"line":37,"column":18},"end":{"line":40,"column":5}}]},"13":{"type":"branch","line":40,"loc":{"start":{"line":40,"column":4},"end":{"line":44,"column":11}},"locations":[{"start":{"line":40,"column":4},"end":{"line":44,"column":11}}]}},"b":{"0":[41],"1":[4],"2":[1],"3":[3],"4":[3],"5":[3],"6":[1],"7":[3],"8":[1],"9":[2],"10":[0],"11":[2],"12":[0],"13":[2]},"fnMap":{"0":{"name":"buildAdminMiddleware","decl":{"start":{"line":5,"column":36},"end":{"line":46,"column":2}},"loc":{"start":{"line":5,"column":36},"end":{"line":46,"column":2}},"line":5}},"f":{"0":41}}
,"/Users/marvy/Documents/OpenSource/StellarGrant-fe/api/src/middlewares/rate-limiter.ts": {"path":"/Users/marvy/Documents/OpenSource/StellarGrant-fe/api/src/middlewares/rate-limiter.ts","all":false,"statementMap":{"0":{"start":{"line":1,"column":0},"end":{"line":1,"column":43}},"2":{"start":{"line":3,"column":0},"end":{"line":3,"column":56}},"4":{"start":{"line":5,"column":0},"end":{"line":5,"column":62}},"5":{"start":{"line":6,"column":0},"end":{"line":6,"column":54}},"7":{"start":{"line":8,"column":0},"end":{"line":8,"column":20}},"8":{"start":{"line":9,"column":0},"end":{"line":9,"column":24}},"9":{"start":{"line":10,"column":0},"end":{"line":10,"column":12}},"11":{"start":{"line":12,"column":0},"end":{"line":12,"column":34}},"13":{"start":{"line":14,"column":0},"end":{"line":14,"column":23}},"14":{"start":{"line":15,"column":0},"end":{"line":15,"column":19}},"15":{"start":{"line":16,"column":0},"end":{"line":16,"column":30}},"16":{"start":{"line":17,"column":0},"end":{"line":17,"column":27}},"17":{"start":{"line":18,"column":0},"end":{"line":18,"column":51}},"18":{"start":{"line":19,"column":0},"end":{"line":19,"column":9}},"20":{"start":{"line":21,"column":0},"end":{"line":21,"column":28}},"21":{"start":{"line":22,"column":0},"end":{"line":22,"column":35}},"22":{"start":{"line":23,"column":0},"end":{"line":23,"column":9}},"23":{"start":{"line":24,"column":0},"end":{"line":24,"column":6}},"24":{"start":{"line":25,"column":0},"end":{"line":25,"column":5}},"25":{"start":{"line":26,"column":0},"end":{"line":26,"column":2}}},"s":{"0":1,"2":1,"4":1,"5":41,"7":41,"8":41,"9":41,"11":41,"13":0,"14":0,"15":0,"16":0,"17":0,"18":0,"20":0,"21":0,"22":0,"23":0,"24":41,"25":41},"branchMap":{"0":{"type":"branch","line":5,"loc":{"start":{"line":5,"column":33},"end":{"line":26,"column":2}},"locations":[{"start":{"line":5,"column":33},"end":{"line":26,"column":2}}]}},"b":{"0":[41]},"fnMap":{"0":{"name":"createRateLimiter","decl":{"start":{"line":5,"column":33},"end":{"line":26,"column":2}},"loc":{"start":{"line":5,"column":33},"end":{"line":26,"column":2}},"line":5},"1":{"name":"handler","decl":{"start":{"line":12,"column":13},"end":{"line":24,"column":6}},"loc":{"start":{"line":12,"column":13},"end":{"line":24,"column":6}},"line":12}},"f":{"0":41,"1":0}}
,"/Users/marvy/Documents/OpenSource/StellarGrant-fe/api/src/routes/admin.ts": {"path":"/Users/marvy/Documents/OpenSource/StellarGrant-fe/api/src/routes/admin.ts","all":false,"statementMap":{"0":{"start":{"line":1,"column":0},"end":{"line":1,"column":33}},"6":{"start":{"line":7,"column":0},"end":{"line":7,"column":33}},"7":{"start":{"line":8,"column":0},"end":{"line":8,"column":37}},"8":{"start":{"line":9,"column":0},"end":{"line":9,"column":43}},"9":{"start":{"line":10,"column":0},"end":{"line":10,"column":36}},"10":{"start":{"line":11,"column":0},"end":{"line":11,"column":6}},"11":{"start":{"line":12,"column":0},"end":{"line":12,"column":26}},"13":{"start":{"line":14,"column":0},"end":{"line":14,"column":60}},"14":{"start":{"line":15,"column":0},"end":{"line":15,"column":9}},"15":{"start":{"line":16,"column":0},"end":{"line":16,"column":56}},"16":{"start":{"line":17,"column":0},"end":{"line":17,"column":27}},"17":{"start":{"line":18,"column":0},"end":{"line":18,"column":60}},"18":{"start":{"line":19,"column":0},"end":{"line":19,"column":15}},"19":{"start":{"line":20,"column":0},"end":{"line":20,"column":7}},"21":{"start":{"line":22,"column":0},"end":{"line":22,"column":48}},"23":{"start":{"line":24,"column":0},"end":{"line":24,"column":31}},"24":{"start":{"line":25,"column":0},"end":{"line":25,"column":48}},"25":{"start":{"line":26,"column":0},"end":{"line":26,"column":29}},"26":{"start":{"line":27,"column":0},"end":{"line":27,"column":35}},"27":{"start":{"line":28,"column":0},"end":{"line":28,"column":49}},"28":{"start":{"line":29,"column":0},"end":{"line":29,"column":9}},"30":{"start":{"line":31,"column":0},"end":{"line":31,"column":65}},"31":{"start":{"line":32,"column":0},"end":{"line":32,"column":21}},"32":{"start":{"line":33,"column":0},"end":{"line":33,"column":18}},"33":{"start":{"line":34,"column":0},"end":{"line":34,"column":5}},"34":{"start":{"line":35,"column":0},"end":{"line":35,"column":5}},"36":{"start":{"line":37,"column":0},"end":{"line":37,"column":71}},"37":{"start":{"line":38,"column":0},"end":{"line":38,"column":9}},"38":{"start":{"line":39,"column":0},"end":{"line":39,"column":37}},"39":{"start":{"line":40,"column":0},"end":{"line":40,"column":37}},"41":{"start":{"line":42,"column":0},"end":{"line":42,"column":43}},"42":{"start":{"line":43,"column":0},"end":{"line":43,"column":90}},"43":{"start":{"line":44,"column":0},"end":{"line":44,"column":15}},"44":{"start":{"line":45,"column":0},"end":{"line":45,"column":7}},"46":{"start":{"line":47,"column":0},"end":{"line":47,"column":78}},"47":{"start":{"line":48,"column":0},"end":{"line":48,"column":25}},"48":{"start":{"line":49,"column":0},"end":{"line":49,"column":58}},"49":{"start":{"line":50,"column":0},"end":{"line":50,"column":7}},"51":{"start":{"line":52,"column":0},"end":{"line":52,"column":44}},"52":{"start":{"line":53,"column":0},"end":{"line":53,"column":46}},"54":{"start":{"line":55,"column":0},"end":{"line":55,"column":31}},"55":{"start":{"line":56,"column":0},"end":{"line":56,"column":48}},"56":{"start":{"line":57,"column":0},"end":{"line":57,"column":66}},"57":{"start":{"line":58,"column":0},"end":{"line":58,"column":34}},"58":{"start":{"line":59,"column":0},"end":{"line":59,"column":82}},"59":{"start":{"line":60,"column":0},"end":{"line":60,"column":9}},"61":{"start":{"line":62,"column":0},"end":{"line":62,"column":55}},"62":{"start":{"line":63,"column":0},"end":{"line":63,"column":21}},"63":{"start":{"line":64,"column":0},"end":{"line":64,"column":18}},"64":{"start":{"line":65,"column":0},"end":{"line":65,"column":5}},"65":{"start":{"line":66,"column":0},"end":{"line":66,"column":5}},"67":{"start":{"line":68,"column":0},"end":{"line":68,"column":16}},"68":{"start":{"line":69,"column":0},"end":{"line":69,"column":2}}},"s":{"0":1,"6":1,"7":41,"8":41,"9":41,"10":41,"11":41,"13":41,"14":1,"15":1,"16":1,"17":0,"18":0,"19":0,"21":1,"23":1,"24":1,"25":1,"26":1,"27":1,"28":1,"30":1,"31":1,"32":0,"33":0,"34":41,"36":41,"37":1,"38":1,"39":1,"41":1,"42":0,"43":0,"44":0,"46":1,"47":1,"48":1,"49":1,"51":1,"52":1,"54":1,"55":1,"56":1,"57":1,"58":1,"59":1,"61":1,"62":1,"63":0,"64":0,"65":41,"67":41,"68":41},"branchMap":{"0":{"type":"branch","line":7,"loc":{"start":{"line":7,"column":32},"end":{"line":69,"column":2}},"locations":[{"start":{"line":7,"column":32},"end":{"line":69,"column":2}}]},"1":{"type":"branch","line":14,"loc":{"start":{"line":14,"column":33},"end":{"line":35,"column":3}},"locations":[{"start":{"line":14,"column":33},"end":{"line":35,"column":3}}]},"2":{"type":"branch","line":17,"loc":{"start":{"line":17,"column":26},"end":{"line":20,"column":7}},"locations":[{"start":{"line":17,"column":26},"end":{"line":20,"column":7}}]},"3":{"type":"branch","line":32,"loc":{"start":{"line":32,"column":4},"end":{"line":34,"column":5}},"locations":[{"start":{"line":32,"column":4},"end":{"line":34,"column":5}}]},"4":{"type":"branch","line":37,"loc":{"start":{"line":37,"column":44},"end":{"line":66,"column":3}},"locations":[{"start":{"line":37,"column":44},"end":{"line":66,"column":3}}]},"5":{"type":"branch","line":42,"loc":{"start":{"line":42,"column":42},"end":{"line":45,"column":7}},"locations":[{"start":{"line":42,"column":42},"end":{"line":45,"column":7}}]},"6":{"type":"branch","line":57,"loc":{"start":{"line":57,"column":28},"end":{"line":57,"column":66}},"locations":[{"start":{"line":57,"column":28},"end":{"line":57,"column":66}}]},"7":{"type":"branch","line":59,"loc":{"start":{"line":59,"column":32},"end":{"line":59,"column":63}},"locations":[{"start":{"line":59,"column":32},"end":{"line":59,"column":63}}]},"8":{"type":"branch","line":63,"loc":{"start":{"line":63,"column":4},"end":{"line":65,"column":5}},"locations":[{"start":{"line":63,"column":4},"end":{"line":65,"column":5}}]}},"b":{"0":[41],"1":[1],"2":[0],"3":[0],"4":[1],"5":[0],"6":[0],"7":[0],"8":[0]},"fnMap":{"0":{"name":"buildAdminRouter","decl":{"start":{"line":7,"column":32},"end":{"line":69,"column":2}},"loc":{"start":{"line":7,"column":32},"end":{"line":69,"column":2}},"line":7}},"f":{"0":41}}
,"/Users/marvy/Documents/OpenSource/StellarGrant-fe/api/src/routes/grants.ts": {"path":"/Users/marvy/Documents/OpenSource/StellarGrant-fe/api/src/routes/grants.ts","all":false,"statementMap":{"0":{"start":{"line":1,"column":0},"end":{"line":1,"column":33}},"9":{"start":{"line":10,"column":0},"end":{"line":10,"column":70}},"12":{"start":{"line":13,"column":0},"end":{"line":13,"column":51}},"15":{"start":{"line":16,"column":0},"end":{"line":16,"column":63}},"16":{"start":{"line":17,"column":0},"end":{"line":17,"column":52}},"17":{"start":{"line":18,"column":0},"end":{"line":18,"column":55}},"19":{"start":{"line":20,"column":0},"end":{"line":20,"column":41}},"20":{"start":{"line":21,"column":0},"end":{"line":21,"column":56}},"21":{"start":{"line":22,"column":0},"end":{"line":22,"column":58}},"22":{"start":{"line":23,"column":0},"end":{"line":23,"column":56}},"24":{"start":{"line":25,"column":0},"end":{"line":25,"column":25}},"25":{"start":{"line":26,"column":0},"end":{"line":26,"column":1}},"27":{"start":{"line":28,"column":0},"end":{"line":28,"column":50}},"28":{"start":{"line":29,"column":0},"end":{"line":29,"column":45}},"29":{"start":{"line":30,"column":0},"end":{"line":30,"column":59}},"30":{"start":{"line":31,"column":0},"end":{"line":31,"column":30}},"31":{"start":{"line":32,"column":0},"end":{"line":32,"column":11}},"32":{"start":{"line":33,"column":0},"end":{"line":33,"column":1}},"34":{"start":{"line":35,"column":0},"end":{"line":35,"column":50}},"35":{"start":{"line":36,"column":0},"end":{"line":36,"column":59}},"36":{"start":{"line":37,"column":0},"end":{"line":37,"column":59}},"37":{"start":{"line":38,"column":0},"end":{"line":38,"column":30}},"38":{"start":{"line":39,"column":0},"end":{"line":39,"column":12}},"39":{"start":{"line":40,"column":0},"end":{"line":40,"column":1}},"44":{"start":{"line":45,"column":0},"end":{"line":45,"column":44}},"45":{"start":{"line":46,"column":0},"end":{"line":46,"column":22}},"47":{"start":{"line":48,"column":0},"end":{"line":48,"column":50}},"49":{"start":{"line":50,"column":0},"end":{"line":50,"column":21}},"50":{"start":{"line":51,"column":0},"end":{"line":51,"column":10}},"51":{"start":{"line":52,"column":0},"end":{"line":52,"column":43}},"52":{"start":{"line":53,"column":0},"end":{"line":53,"column":41}},"53":{"start":{"line":54,"column":0},"end":{"line":54,"column":22}},"54":{"start":{"line":55,"column":0},"end":{"line":55,"column":5}},"55":{"start":{"line":56,"column":0},"end":{"line":56,"column":1}},"57":{"start":{"line":58,"column":0},"end":{"line":58,"column":67}},"58":{"start":{"line":59,"column":0},"end":{"line":59,"column":27}},"59":{"start":{"line":60,"column":0},"end":{"line":60,"column":81}},"60":{"start":{"line":61,"column":0},"end":{"line":61,"column":26}},"61":{"start":{"line":62,"column":0},"end":{"line":62,"column":1}},"63":{"start":{"line":64,"column":0},"end":{"line":64,"column":52}},"64":{"start":{"line":65,"column":0},"end":{"line":65,"column":49}},"65":{"start":{"line":66,"column":0},"end":{"line":66,"column":61}},"67":{"start":{"line":68,"column":0},"end":{"line":68,"column":10}},"68":{"start":{"line":69,"column":0},"end":{"line":69,"column":13}},"69":{"start":{"line":70,"column":0},"end":{"line":70,"column":44}},"70":{"start":{"line":71,"column":0},"end":{"line":71,"column":49}},"71":{"start":{"line":72,"column":0},"end":{"line":72,"column":4}},"72":{"start":{"line":73,"column":0},"end":{"line":73,"column":1}},"78":{"start":{"line":79,"column":0},"end":{"line":79,"column":33}},"79":{"start":{"line":80,"column":0},"end":{"line":80,"column":31}},"80":{"start":{"line":81,"column":0},"end":{"line":81,"column":32}},"81":{"start":{"line":82,"column":0},"end":{"line":82,"column":6}},"82":{"start":{"line":83,"column":0},"end":{"line":83,"column":26}},"84":{"start":{"line":85,"column":0},"end":{"line":85,"column":45}},"85":{"start":{"line":86,"column":0},"end":{"line":86,"column":9}},"86":{"start":{"line":87,"column":0},"end":{"line":87,"column":40}},"87":{"start":{"line":88,"column":0},"end":{"line":88,"column":71}},"90":{"start":{"line":91,"column":0},"end":{"line":91,"column":74}},"91":{"start":{"line":92,"column":0},"end":{"line":92,"column":34}},"92":{"start":{"line":93,"column":0},"end":{"line":93,"column":58}},"93":{"start":{"line":94,"column":0},"end":{"line":94,"column":15}},"94":{"start":{"line":95,"column":0},"end":{"line":95,"column":7}},"96":{"start":{"line":97,"column":0},"end":{"line":97,"column":41}},"99":{"start":{"line":100,"column":0},"end":{"line":100,"column":54}},"100":{"start":{"line":101,"column":0},"end":{"line":101,"column":52}},"103":{"start":{"line":104,"column":0},"end":{"line":104,"column":43}},"104":{"start":{"line":105,"column":0},"end":{"line":105,"column":55}},"105":{"start":{"line":106,"column":0},"end":{"line":106,"column":15}},"107":{"start":{"line":108,"column":0},"end":{"line":108,"column":43}},"108":{"start":{"line":109,"column":0},"end":{"line":109,"column":41}},"109":{"start":{"line":110,"column":0},"end":{"line":110,"column":15}},"111":{"start":{"line":112,"column":0},"end":{"line":112,"column":51}},"114":{"start":{"line":115,"column":0},"end":{"line":115,"column":55}},"117":{"start":{"line":118,"column":0},"end":{"line":118,"column":25}},"118":{"start":{"line":119,"column":0},"end":{"line":119,"column":54}},"119":{"start":{"line":120,"column":0},"end":{"line":120,"column":31}},"120":{"start":{"line":121,"column":0},"end":{"line":121,"column":11}},"121":{"start":{"line":122,"column":0},"end":{"line":122,"column":7}},"123":{"start":{"line":124,"column":0},"end":{"line":124,"column":25}},"124":{"start":{"line":125,"column":0},"end":{"line":125,"column":60}},"125":{"start":{"line":126,"column":0},"end":{"line":126,"column":52}},"126":{"start":{"line":127,"column":0},"end":{"line":127,"column":11}},"127":{"start":{"line":128,"column":0},"end":{"line":128,"column":7}},"134":{"start":{"line":135,"column":0},"end":{"line":135,"column":34}},"135":{"start":{"line":136,"column":0},"end":{"line":136,"column":42}},"136":{"start":{"line":137,"column":0},"end":{"line":137,"column":74}},"137":{"start":{"line":138,"column":0},"end":{"line":138,"column":38}},"138":{"start":{"line":139,"column":0},"end":{"line":139,"column":13}},"139":{"start":{"line":140,"column":0},"end":{"line":140,"column":11}},"140":{"start":{"line":141,"column":0},"end":{"line":141,"column":7}},"143":{"start":{"line":144,"column":0},"end":{"line":144,"column":37}},"144":{"start":{"line":145,"column":0},"end":{"line":145,"column":64}},"145":{"start":{"line":146,"column":0},"end":{"line":146,"column":14}},"146":{"start":{"line":147,"column":0},"end":{"line":147,"column":45}},"147":{"start":{"line":148,"column":0},"end":{"line":148,"column":7}},"149":{"start":{"line":150,"column":0},"end":{"line":150,"column":33}},"150":{"start":{"line":151,"column":0},"end":{"line":151,"column":21}},"153":{"start":{"line":154,"column":0},"end":{"line":154,"column":55}},"155":{"start":{"line":156,"column":0},"end":{"line":156,"column":16}},"156":{"start":{"line":157,"column":0},"end":{"line":157,"column":52}},"157":{"start":{"line":158,"column":0},"end":{"line":158,"column":15}},"158":{"start":{"line":159,"column":0},"end":{"line":159,"column":16}},"159":{"start":{"line":160,"column":0},"end":{"line":160,"column":15}},"160":{"start":{"line":161,"column":0},"end":{"line":161,"column":16}},"161":{"start":{"line":162,"column":0},"end":{"line":162,"column":47}},"162":{"start":{"line":163,"column":0},"end":{"line":163,"column":10}},"163":{"start":{"line":164,"column":0},"end":{"line":164,"column":9}},"164":{"start":{"line":165,"column":0},"end":{"line":165,"column":21}},"165":{"start":{"line":166,"column":0},"end":{"line":166,"column":18}},"166":{"start":{"line":167,"column":0},"end":{"line":167,"column":5}},"167":{"start":{"line":168,"column":0},"end":{"line":168,"column":5}},"170":{"start":{"line":171,"column":0},"end":{"line":171,"column":48}},"171":{"start":{"line":172,"column":0},"end":{"line":172,"column":9}},"172":{"start":{"line":173,"column":0},"end":{"line":173,"column":39}},"173":{"start":{"line":174,"column":0},"end":{"line":174,"column":29}},"174":{"start":{"line":175,"column":0},"end":{"line":175,"column":60}},"175":{"start":{"line":176,"column":0},"end":{"line":176,"column":15}},"176":{"start":{"line":177,"column":0},"end":{"line":177,"column":7}},"178":{"start":{"line":179,"column":0},"end":{"line":179,"column":38}},"179":{"start":{"line":180,"column":0},"end":{"line":180,"column":71}},"181":{"start":{"line":182,"column":0},"end":{"line":182,"column":63}},"183":{"start":{"line":184,"column":0},"end":{"line":184,"column":19}},"184":{"start":{"line":185,"column":0},"end":{"line":185,"column":59}},"185":{"start":{"line":186,"column":0},"end":{"line":186,"column":15}},"186":{"start":{"line":187,"column":0},"end":{"line":187,"column":7}},"188":{"start":{"line":189,"column":0},"end":{"line":189,"column":53}},"189":{"start":{"line":190,"column":0},"end":{"line":190,"column":21}},"190":{"start":{"line":191,"column":0},"end":{"line":191,"column":18}},"191":{"start":{"line":192,"column":0},"end":{"line":192,"column":5}},"192":{"start":{"line":193,"column":0},"end":{"line":193,"column":5}},"194":{"start":{"line":195,"column":0},"end":{"line":195,"column":16}},"195":{"start":{"line":196,"column":0},"end":{"line":196,"column":2}}},"s":{"0":1,"9":1,"12":1,"15":26,"16":26,"17":26,"19":26,"20":26,"21":26,"22":26,"24":23,"25":23,"27":23,"28":23,"29":23,"30":2,"31":21,"32":23,"34":23,"35":23,"36":23,"37":2,"38":21,"39":23,"44":23,"45":23,"47":23,"49":23,"50":23,"51":23,"52":23,"53":23,"54":23,"55":23,"57":32,"58":32,"59":4,"60":5,"61":32,"63":54,"64":54,"65":54,"67":54,"68":54,"69":54,"70":54,"71":54,"72":54,"78":1,"79":41,"80":41,"81":41,"82":41,"84":41,"85":26,"86":26,"87":26,"90":26,"91":26,"92":3,"93":3,"94":3,"96":23,"99":23,"100":23,"103":23,"104":7,"105":16,"107":26,"108":1,"109":22,"111":26,"114":26,"117":26,"118":7,"119":7,"120":7,"121":7,"123":26,"124":1,"125":1,"126":1,"127":1,"134":26,"135":5,"136":6,"137":6,"138":6,"139":5,"140":5,"143":26,"144":2,"145":26,"146":21,"147":21,"149":23,"150":23,"153":23,"155":23,"156":23,"157":23,"158":23,"159":23,"160":23,"161":23,"162":23,"163":23,"164":26,"165":0,"166":0,"167":41,"170":41,"171":7,"172":7,"173":7,"174":1,"175":1,"176":1,"178":6,"179":6,"181":6,"183":7,"184":1,"185":1,"186":1,"188":5,"189":7,"190":0,"191":0,"192":41,"194":41,"195":41},"branchMap":{"0":{"type":"branch","line":16,"loc":{"start":{"line":16,"column":0},"end":{"line":26,"column":1}},"locations":[{"start":{"line":16,"column":0},"end":{"line":26,"column":1}}]},"1":{"type":"branch","line":17,"loc":{"start":{"line":17,"column":31},"end":{"line":17,"column":45}},"locations":[{"start":{"line":17,"column":31},"end":{"line":17,"column":45}}]},"2":{"type":"branch","line":18,"loc":{"start":{"line":18,"column":32},"end":{"line":18,"column":48}},"locations":[{"start":{"line":18,"column":32},"end":{"line":18,"column":48}}]},"3":{"type":"branch","line":21,"loc":{"start":{"line":21,"column":4},"end":{"line":21,"column":56}},"locations":[{"start":{"line":21,"column":4},"end":{"line":21,"column":56}}]},"4":{"type":"branch","line":21,"loc":{"start":{"line":21,"column":54},"end":{"line":22,"column":46}},"locations":[{"start":{"line":21,"column":54},"end":{"line":22,"column":46}}]},"5":{"type":"branch","line":22,"loc":{"start":{"line":22,"column":41},"end":{"line":22,"column":58}},"locations":[{"start":{"line":22,"column":41},"end":{"line":22,"column":58}}]},"6":{"type":"branch","line":23,"loc":{"start":{"line":23,"column":4},"end":{"line":23,"column":56}},"locations":[{"start":{"line":23,"column":4},"end":{"line":23,"column":56}}]},"7":{"type":"branch","line":23,"loc":{"start":{"line":23,"column":54},"end":{"line":26,"column":1}},"locations":[{"start":{"line":23,"column":54},"end":{"line":26,"column":1}}]},"8":{"type":"branch","line":28,"loc":{"start":{"line":28,"column":0},"end":{"line":33,"column":1}},"locations":[{"start":{"line":28,"column":0},"end":{"line":33,"column":1}}]},"9":{"type":"branch","line":29,"loc":{"start":{"line":29,"column":27},"end":{"line":29,"column":36}},"locations":[{"start":{"line":29,"column":27},"end":{"line":29,"column":36}}]},"10":{"type":"branch","line":30,"loc":{"start":{"line":30,"column":58},"end":{"line":31,"column":30}},"locations":[{"start":{"line":30,"column":58},"end":{"line":31,"column":30}}]},"11":{"type":"branch","line":31,"loc":{"start":{"line":31,"column":7},"end":{"line":32,"column":11}},"locations":[{"start":{"line":31,"column":7},"end":{"line":32,"column":11}}]},"12":{"type":"branch","line":35,"loc":{"start":{"line":35,"column":0},"end":{"line":40,"column":1}},"locations":[{"start":{"line":35,"column":0},"end":{"line":40,"column":1}}]},"13":{"type":"branch","line":36,"loc":{"start":{"line":36,"column":27},"end":{"line":36,"column":36}},"locations":[{"start":{"line":36,"column":27},"end":{"line":36,"column":36}}]},"14":{"type":"branch","line":37,"loc":{"start":{"line":37,"column":58},"end":{"line":38,"column":30}},"locations":[{"start":{"line":37,"column":58},"end":{"line":38,"column":30}}]},"15":{"type":"branch","line":38,"loc":{"start":{"line":38,"column":7},"end":{"line":39,"column":12}},"locations":[{"start":{"line":38,"column":7},"end":{"line":39,"column":12}}]},"16":{"type":"branch","line":45,"loc":{"start":{"line":45,"column":0},"end":{"line":56,"column":1}},"locations":[{"start":{"line":45,"column":0},"end":{"line":56,"column":1}}]},"17":{"type":"branch","line":46,"loc":{"start":{"line":46,"column":12},"end":{"line":46,"column":22}},"locations":[{"start":{"line":46,"column":12},"end":{"line":46,"column":22}}]},"18":{"type":"branch","line":46,"loc":{"start":{"line":46,"column":20},"end":{"line":48,"column":44}},"locations":[{"start":{"line":46,"column":20},"end":{"line":48,"column":44}}]},"19":{"type":"branch","line":46,"loc":{"start":{"line":46,"column":20},"end":{"line":48,"column":38}},"locations":[{"start":{"line":46,"column":20},"end":{"line":48,"column":38}}]},"20":{"type":"branch","line":48,"loc":{"start":{"line":48,"column":34},"end":{"line":48,"column":44}},"locations":[{"start":{"line":48,"column":34},"end":{"line":48,"column":44}}]},"21":{"type":"branch","line":48,"loc":{"start":{"line":48,"column":38},"end":{"line":48,"column":50}},"locations":[{"start":{"line":48,"column":38},"end":{"line":48,"column":50}}]},"22":{"type":"branch","line":52,"loc":{"start":{"line":52,"column":15},"end":{"line":52,"column":42}},"locations":[{"start":{"line":52,"column":15},"end":{"line":52,"column":42}}]},"23":{"type":"branch","line":53,"loc":{"start":{"line":53,"column":11},"end":{"line":53,"column":40}},"locations":[{"start":{"line":53,"column":11},"end":{"line":53,"column":40}}]},"24":{"type":"branch","line":58,"loc":{"start":{"line":58,"column":0},"end":{"line":62,"column":1}},"locations":[{"start":{"line":58,"column":0},"end":{"line":62,"column":1}}]},"25":{"type":"branch","line":59,"loc":{"start":{"line":59,"column":15},"end":{"line":59,"column":27}},"locations":[{"start":{"line":59,"column":15},"end":{"line":59,"column":27}}]},"26":{"type":"branch","line":59,"loc":{"start":{"line":59,"column":22},"end":{"line":61,"column":26}},"locations":[{"start":{"line":59,"column":22},"end":{"line":61,"column":26}}]},"27":{"type":"branch","line":59,"loc":{"start":{"line":59,"column":22},"end":{"line":61,"column":21}},"locations":[{"start":{"line":59,"column":22},"end":{"line":61,"column":21}}]},"28":{"type":"branch","line":61,"loc":{"start":{"line":61,"column":16},"end":{"line":61,"column":26}},"locations":[{"start":{"line":61,"column":16},"end":{"line":61,"column":26}}]},"29":{"type":"branch","line":60,"loc":{"start":{"line":60,"column":38},"end":{"line":60,"column":79}},"locations":[{"start":{"line":60,"column":38},"end":{"line":60,"column":79}}]},"30":{"type":"branch","line":64,"loc":{"start":{"line":64,"column":0},"end":{"line":73,"column":1}},"locations":[{"start":{"line":64,"column":0},"end":{"line":73,"column":1}}]},"31":{"type":"branch","line":65,"loc":{"start":{"line":65,"column":25},"end":{"line":65,"column":49}},"locations":[{"start":{"line":65,"column":25},"end":{"line":65,"column":49}}]},"32":{"type":"branch","line":66,"loc":{"start":{"line":66,"column":35},"end":{"line":66,"column":58}},"locations":[{"start":{"line":66,"column":35},"end":{"line":66,"column":58}}]},"33":{"type":"branch","line":66,"loc":{"start":{"line":66,"column":53},"end":{"line":66,"column":61}},"locations":[{"start":{"line":66,"column":53},"end":{"line":66,"column":61}}]},"34":{"type":"branch","line":70,"loc":{"start":{"line":70,"column":23},"end":{"line":70,"column":44}},"locations":[{"start":{"line":70,"column":23},"end":{"line":70,"column":44}}]},"35":{"type":"branch","line":71,"loc":{"start":{"line":71,"column":29},"end":{"line":71,"column":49}},"locations":[{"start":{"line":71,"column":29},"end":{"line":71,"column":49}}]},"36":{"type":"branch","line":79,"loc":{"start":{"line":79,"column":32},"end":{"line":196,"column":2}},"locations":[{"start":{"line":79,"column":32},"end":{"line":196,"column":2}}]},"37":{"type":"branch","line":85,"loc":{"start":{"line":85,"column":18},"end":{"line":168,"column":3}},"locations":[{"start":{"line":85,"column":18},"end":{"line":168,"column":3}}]},"38":{"type":"branch","line":92,"loc":{"start":{"line":92,"column":33},"end":{"line":95,"column":7}},"locations":[{"start":{"line":92,"column":33},"end":{"line":95,"column":7}}]},"39":{"type":"branch","line":95,"loc":{"start":{"line":95,"column":6},"end":{"line":104,"column":43}},"locations":[{"start":{"line":95,"column":6},"end":{"line":104,"column":43}}]},"40":{"type":"branch","line":104,"loc":{"start":{"line":104,"column":37},"end":{"line":105,"column":55}},"locations":[{"start":{"line":104,"column":37},"end":{"line":105,"column":55}}]},"41":{"type":"branch","line":105,"loc":{"start":{"line":105,"column":54},"end":{"line":106,"column":15}},"locations":[{"start":{"line":105,"column":54},"end":{"line":106,"column":15}}]},"42":{"type":"branch","line":108,"loc":{"start":{"line":108,"column":37},"end":{"line":109,"column":41}},"locations":[{"start":{"line":108,"column":37},"end":{"line":109,"column":41}}]},"43":{"type":"branch","line":109,"loc":{"start":{"line":109,"column":40},"end":{"line":110,"column":15}},"locations":[{"start":{"line":109,"column":40},"end":{"line":110,"column":15}}]},"44":{"type":"branch","line":118,"loc":{"start":{"line":118,"column":24},"end":{"line":122,"column":7}},"locations":[{"start":{"line":118,"column":24},"end":{"line":122,"column":7}}]},"45":{"type":"branch","line":122,"loc":{"start":{"line":122,"column":6},"end":{"line":124,"column":24}},"locations":[{"start":{"line":122,"column":6},"end":{"line":124,"column":24}}]},"46":{"type":"branch","line":124,"loc":{"start":{"line":124,"column":24},"end":{"line":128,"column":7}},"locations":[{"start":{"line":124,"column":24},"end":{"line":128,"column":7}}]},"47":{"type":"branch","line":128,"loc":{"start":{"line":128,"column":6},"end":{"line":135,"column":33}},"locations":[{"start":{"line":128,"column":6},"end":{"line":135,"column":33}}]},"48":{"type":"branch","line":135,"loc":{"start":{"line":135,"column":33},"end":{"line":141,"column":7}},"locations":[{"start":{"line":135,"column":33},"end":{"line":141,"column":7}}]},"49":{"type":"branch","line":141,"loc":{"start":{"line":141,"column":6},"end":{"line":144,"column":36}},"locations":[{"start":{"line":141,"column":6},"end":{"line":144,"column":36}}]},"50":{"type":"branch","line":144,"loc":{"start":{"line":144,"column":36},"end":{"line":146,"column":13}},"locations":[{"start":{"line":144,"column":36},"end":{"line":146,"column":13}}]},"51":{"type":"branch","line":146,"loc":{"start":{"line":146,"column":6},"end":{"line":148,"column":7}},"locations":[{"start":{"line":146,"column":6},"end":{"line":148,"column":7}}]},"52":{"type":"branch","line":148,"loc":{"start":{"line":148,"column":6},"end":{"line":165,"column":13}},"locations":[{"start":{"line":148,"column":6},"end":{"line":165,"column":13}}]},"53":{"type":"branch","line":165,"loc":{"start":{"line":165,"column":4},"end":{"line":167,"column":5}},"locations":[{"start":{"line":165,"column":4},"end":{"line":167,"column":5}}]},"54":{"type":"branch","line":136,"loc":{"start":{"line":136,"column":27},"end":{"line":140,"column":9}},"locations":[{"start":{"line":136,"column":27},"end":{"line":140,"column":9}}]},"55":{"type":"branch","line":157,"loc":{"start":{"line":157,"column":23},"end":{"line":157,"column":50}},"locations":[{"start":{"line":157,"column":23},"end":{"line":157,"column":50}}]},"56":{"type":"branch","line":171,"loc":{"start":{"line":171,"column":21},"end":{"line":193,"column":3}},"locations":[{"start":{"line":171,"column":21},"end":{"line":193,"column":3}}]},"57":{"type":"branch","line":174,"loc":{"start":{"line":174,"column":28},"end":{"line":177,"column":7}},"locations":[{"start":{"line":174,"column":28},"end":{"line":177,"column":7}}]},"58":{"type":"branch","line":177,"loc":{"start":{"line":177,"column":6},"end":{"line":184,"column":18}},"locations":[{"start":{"line":177,"column":6},"end":{"line":184,"column":18}}]},"59":{"type":"branch","line":184,"loc":{"start":{"line":184,"column":18},"end":{"line":190,"column":13}},"locations":[{"start":{"line":184,"column":18},"end":{"line":190,"column":13}}]},"60":{"type":"branch","line":184,"loc":{"start":{"line":184,"column":18},"end":{"line":187,"column":7}},"locations":[{"start":{"line":184,"column":18},"end":{"line":187,"column":7}}]},"61":{"type":"branch","line":190,"loc":{"start":{"line":190,"column":4},"end":{"line":192,"column":5}},"locations":[{"start":{"line":190,"column":4},"end":{"line":192,"column":5}}]}},"b":{"0":[26],"1":[20],"2":[19],"3":[1],"4":[25],"5":[24],"6":[2],"7":[23],"8":[23],"9":[20],"10":[2],"11":[21],"12":[23],"13":[21],"14":[2],"15":[21],"16":[23],"17":[18],"18":[21],"19":[5],"20":[1],"21":[4],"22":[6],"23":[6],"24":[32],"25":[28],"26":[5],"27":[4],"28":[0],"29":[4],"30":[54],"31":[21],"32":[24],"33":[21],"34":[21],"35":[21],"36":[41],"37":[26],"38":[3],"39":[23],"40":[7],"41":[16],"42":[1],"43":[22],"44":[7],"45":[23],"46":[1],"47":[23],"48":[5],"49":[23],"50":[2],"51":[21],"52":[23],"53":[0],"54":[6],"55":[49],"56":[7],"57":[1],"58":[6],"59":[5],"60":[1],"61":[0]},"fnMap":{"0":{"name":"parsePagination","decl":{"start":{"line":16,"column":0},"end":{"line":26,"column":1}},"loc":{"start":{"line":16,"column":0},"end":{"line":26,"column":1}},"line":16},"1":{"name":"parseSortField","decl":{"start":{"line":28,"column":0},"end":{"line":33,"column":1}},"loc":{"start":{"line":28,"column":0},"end":{"line":33,"column":1}},"line":28},"2":{"name":"parseSortOrder","decl":{"start":{"line":35,"column":0},"end":{"line":40,"column":1}},"loc":{"start":{"line":35,"column":0},"end":{"line":40,"column":1}},"line":35},"3":{"name":"parseTags","decl":{"start":{"line":45,"column":0},"end":{"line":56,"column":1}},"loc":{"start":{"line":45,"column":0},"end":{"line":56,"column":1}},"line":45},"4":{"name":"getPreferredLanguage","decl":{"start":{"line":58,"column":0},"end":{"line":62,"column":1}},"loc":{"start":{"line":58,"column":0},"end":{"line":62,"column":1}},"line":58},"5":{"name":"localizeGrant","decl":{"start":{"line":64,"column":0},"end":{"line":73,"column":1}},"loc":{"start":{"line":64,"column":0},"end":{"line":73,"column":1}},"line":64},"6":{"name":"buildGrantRouter","decl":{"start":{"line":79,"column":32},"end":{"line":196,"column":2}},"loc":{"start":{"line":79,"column":32},"end":{"line":196,"column":2}},"line":79}},"f":{"0":26,"1":23,"2":23,"3":23,"4":32,"5":54,"6":41}}
,"/Users/marvy/Documents/OpenSource/StellarGrant-fe/api/src/routes/leaderboard.ts": {"path":"/Users/marvy/Documents/OpenSource/StellarGrant-fe/api/src/routes/leaderboard.ts","all":false,"statementMap":{"0":{"start":{"line":1,"column":0},"end":{"line":1,"column":33}},"3":{"start":{"line":4,"column":0},"end":{"line":4,"column":83}},"4":{"start":{"line":5,"column":0},"end":{"line":5,"column":26}},"6":{"start":{"line":7,"column":0},"end":{"line":7,"column":45}},"7":{"start":{"line":8,"column":0},"end":{"line":8,"column":9}},"8":{"start":{"line":9,"column":0},"end":{"line":9,"column":77}},"9":{"start":{"line":10,"column":0},"end":{"line":10,"column":63}},"10":{"start":{"line":11,"column":0},"end":{"line":11,"column":66}},"12":{"start":{"line":13,"column":0},"end":{"line":13,"column":89}},"14":{"start":{"line":15,"column":0},"end":{"line":15,"column":16}},"15":{"start":{"line":16,"column":0},"end":{"line":16,"column":13}},"16":{"start":{"line":17,"column":0},"end":{"line":17,"column":15}},"17":{"start":{"line":18,"column":0},"end":{"line":18,"column":16}},"18":{"start":{"line":19,"column":0},"end":{"line":19,"column":15}},"19":{"start":{"line":20,"column":0},"end":{"line":20,"column":16}},"20":{"start":{"line":21,"column":0},"end":{"line":21,"column":47}},"21":{"start":{"line":22,"column":0},"end":{"line":22,"column":10}},"22":{"start":{"line":23,"column":0},"end":{"line":23,"column":9}},"23":{"start":{"line":24,"column":0},"end":{"line":24,"column":21}},"24":{"start":{"line":25,"column":0},"end":{"line":25,"column":18}},"25":{"start":{"line":26,"column":0},"end":{"line":26,"column":5}},"26":{"start":{"line":27,"column":0},"end":{"line":27,"column":5}},"28":{"start":{"line":29,"column":0},"end":{"line":29,"column":16}},"29":{"start":{"line":30,"column":0},"end":{"line":30,"column":2}}},"s":{"0":1,"3":1,"4":41,"6":41,"7":4,"8":4,"9":4,"10":4,"12":4,"14":4,"15":4,"16":4,"17":4,"18":4,"19":4,"20":4,"21":4,"22":4,"23":4,"24":0,"25":0,"26":41,"28":41,"29":41},"branchMap":{"0":{"type":"branch","line":4,"loc":{"start":{"line":4,"column":38},"end":{"line":30,"column":2}},"locations":[{"start":{"line":4,"column":38},"end":{"line":30,"column":2}}]},"1":{"type":"branch","line":7,"loc":{"start":{"line":7,"column":18},"end":{"line":27,"column":3}},"locations":[{"start":{"line":7,"column":18},"end":{"line":27,"column":3}}]},"2":{"type":"branch","line":9,"loc":{"start":{"line":9,"column":42},"end":{"line":9,"column":66}},"locations":[{"start":{"line":9,"column":42},"end":{"line":9,"column":66}}]},"3":{"type":"branch","line":9,"loc":{"start":{"line":9,"column":54},"end":{"line":9,"column":77}},"locations":[{"start":{"line":9,"column":54},"end":{"line":9,"column":77}}]},"4":{"type":"branch","line":10,"loc":{"start":{"line":10,"column":45},"end":{"line":10,"column":56}},"locations":[{"start":{"line":10,"column":45},"end":{"line":10,"column":56}}]},"5":{"type":"branch","line":11,"loc":{"start":{"line":11,"column":46},"end":{"line":11,"column":59}},"locations":[{"start":{"line":11,"column":46},"end":{"line":11,"column":59}}]},"6":{"type":"branch","line":24,"loc":{"start":{"line":24,"column":4},"end":{"line":26,"column":5}},"locations":[{"start":{"line":24,"column":4},"end":{"line":26,"column":5}}]}},"b":{"0":[41],"1":[4],"2":[1],"3":[3],"4":[3],"5":[3],"6":[0]},"fnMap":{"0":{"name":"buildLeaderboardRouter","decl":{"start":{"line":4,"column":38},"end":{"line":30,"column":2}},"loc":{"start":{"line":4,"column":38},"end":{"line":30,"column":2}},"line":4}},"f":{"0":41}}
,"/Users/marvy/Documents/OpenSource/StellarGrant-fe/api/src/routes/milestone-proof.ts": {"path":"/Users/marvy/Documents/OpenSource/StellarGrant-fe/api/src/routes/milestone-proof.ts","all":false,"statementMap":{"0":{"start":{"line":1,"column":0},"end":{"line":1,"column":33}},"2":{"start":{"line":3,"column":0},"end":{"line":3,"column":24}},"6":{"start":{"line":7,"column":0},"end":{"line":7,"column":39}},"7":{"start":{"line":8,"column":0},"end":{"line":8,"column":39}},"8":{"start":{"line":9,"column":0},"end":{"line":9,"column":47}},"9":{"start":{"line":10,"column":0},"end":{"line":10,"column":39}},"10":{"start":{"line":11,"column":0},"end":{"line":11,"column":43}},"11":{"start":{"line":12,"column":0},"end":{"line":12,"column":32}},"12":{"start":{"line":13,"column":0},"end":{"line":13,"column":35}},"13":{"start":{"line":14,"column":0},"end":{"line":14,"column":41}},"14":{"start":{"line":15,"column":0},"end":{"line":15,"column":3}},"16":{"start":{"line":17,"column":0},"end":{"line":17,"column":42}},"17":{"start":{"line":18,"column":0},"end":{"line":18,"column":40}},"18":{"start":{"line":19,"column":0},"end":{"line":19,"column":37}},"19":{"start":{"line":20,"column":0},"end":{"line":20,"column":6}},"20":{"start":{"line":21,"column":0},"end":{"line":21,"column":26}},"22":{"start":{"line":23,"column":0},"end":{"line":23,"column":46}},"23":{"start":{"line":24,"column":0},"end":{"line":24,"column":9}},"24":{"start":{"line":25,"column":0},"end":{"line":25,"column":62}},"25":{"start":{"line":26,"column":0},"end":{"line":26,"column":28}},"26":{"start":{"line":27,"column":0},"end":{"line":27,"column":89}},"27":{"start":{"line":28,"column":0},"end":{"line":28,"column":15}},"28":{"start":{"line":29,"column":0},"end":{"line":29,"column":7}},"30":{"start":{"line":31,"column":0},"end":{"line":31,"column":34}},"31":{"start":{"line":32,"column":0},"end":{"line":32,"column":38}},"32":{"start":{"line":33,"column":0},"end":{"line":33,"column":65}},"33":{"start":{"line":34,"column":0},"end":{"line":34,"column":68}},"34":{"start":{"line":35,"column":0},"end":{"line":35,"column":15}},"35":{"start":{"line":36,"column":0},"end":{"line":36,"column":7}},"37":{"start":{"line":38,"column":0},"end":{"line":38,"column":64}},"38":{"start":{"line":39,"column":0},"end":{"line":39,"column":30}},"39":{"start":{"line":40,"column":0},"end":{"line":40,"column":69}},"40":{"start":{"line":41,"column":0},"end":{"line":41,"column":15}},"41":{"start":{"line":42,"column":0},"end":{"line":42,"column":7}},"43":{"start":{"line":44,"column":0},"end":{"line":44,"column":42}},"44":{"start":{"line":45,"column":0},"end":{"line":45,"column":33}},"45":{"start":{"line":46,"column":0},"end":{"line":46,"column":43}},"46":{"start":{"line":47,"column":0},"end":{"line":47,"column":35}},"47":{"start":{"line":48,"column":0},"end":{"line":48,"column":41}},"48":{"start":{"line":49,"column":0},"end":{"line":49,"column":37}},"49":{"start":{"line":50,"column":0},"end":{"line":50,"column":29}},"50":{"start":{"line":51,"column":0},"end":{"line":51,"column":9}},"52":{"start":{"line":53,"column":0},"end":{"line":53,"column":44}},"53":{"start":{"line":54,"column":0},"end":{"line":54,"column":26}},"54":{"start":{"line":55,"column":0},"end":{"line":55,"column":75}},"55":{"start":{"line":56,"column":0},"end":{"line":56,"column":86}},"56":{"start":{"line":57,"column":0},"end":{"line":57,"column":15}},"57":{"start":{"line":58,"column":0},"end":{"line":58,"column":7}},"58":{"start":{"line":59,"column":0},"end":{"line":59,"column":18}},"59":{"start":{"line":60,"column":0},"end":{"line":60,"column":5}},"60":{"start":{"line":61,"column":0},"end":{"line":61,"column":5}},"62":{"start":{"line":63,"column":0},"end":{"line":63,"column":16}},"63":{"start":{"line":64,"column":0},"end":{"line":64,"column":2}}},"s":{"0":1,"2":1,"6":1,"7":1,"8":1,"9":1,"10":1,"11":1,"12":1,"13":1,"14":1,"16":1,"17":41,"18":41,"19":41,"20":41,"22":41,"23":2,"24":2,"25":2,"26":0,"27":0,"28":0,"30":2,"31":2,"32":2,"33":0,"34":0,"35":0,"37":2,"38":2,"39":1,"40":1,"41":1,"43":1,"44":1,"45":1,"46":1,"47":1,"48":1,"49":1,"50":1,"52":1,"53":2,"54":0,"55":0,"56":0,"57":0,"58":0,"59":0,"60":41,"62":41,"63":41},"branchMap":{"0":{"type":"branch","line":17,"loc":{"start":{"line":17,"column":41},"end":{"line":64,"column":2}},"locations":[{"start":{"line":17,"column":41},"end":{"line":64,"column":2}}]},"1":{"type":"branch","line":23,"loc":{"start":{"line":23,"column":19},"end":{"line":61,"column":3}},"locations":[{"start":{"line":23,"column":19},"end":{"line":61,"column":3}}]},"2":{"type":"branch","line":26,"loc":{"start":{"line":26,"column":27},"end":{"line":29,"column":7}},"locations":[{"start":{"line":26,"column":27},"end":{"line":29,"column":7}}]},"3":{"type":"branch","line":33,"loc":{"start":{"line":33,"column":64},"end":{"line":36,"column":7}},"locations":[{"start":{"line":33,"column":64},"end":{"line":36,"column":7}}]},"4":{"type":"branch","line":39,"loc":{"start":{"line":39,"column":29},"end":{"line":54,"column":13}},"locations":[{"start":{"line":39,"column":29},"end":{"line":54,"column":13}}]},"5":{"type":"branch","line":54,"loc":{"start":{"line":54,"column":4},"end":{"line":60,"column":5}},"locations":[{"start":{"line":54,"column":4},"end":{"line":60,"column":5}}]}},"b":{"0":[41],"1":[2],"2":[0],"3":[0],"4":[1],"5":[0]},"fnMap":{"0":{"name":"buildMilestoneProofRouter","decl":{"start":{"line":17,"column":41},"end":{"line":64,"column":2}},"loc":{"start":{"line":17,"column":41},"end":{"line":64,"column":2}},"line":17}},"f":{"0":41}}
,"/Users/marvy/Documents/OpenSource/StellarGrant-fe/api/src/scripts/sync-db.ts": {"path":"/Users/marvy/Documents/OpenSource/StellarGrant-fe/api/src/scripts/sync-db.ts","all":true,"statementMap":{"0":{"start":{"line":1,"column":0},"end":{"line":1,"column":52}},"2":{"start":{"line":3,"column":0},"end":{"line":3,"column":25}},"3":{"start":{"line":4,"column":0},"end":{"line":4,"column":39}},"4":{"start":{"line":5,"column":0},"end":{"line":5,"column":32}},"5":{"start":{"line":6,"column":0},"end":{"line":6,"column":29}},"6":{"start":{"line":7,"column":0},"end":{"line":7,"column":47}},"7":{"start":{"line":8,"column":0},"end":{"line":8,"column":2}},"9":{"start":{"line":10,"column":0},"end":{"line":10,"column":24}},"10":{"start":{"line":11,"column":0},"end":{"line":11,"column":48}},"11":{"start":{"line":12,"column":0},"end":{"line":12,"column":18}},"12":{"start":{"line":13,"column":0},"end":{"line":13,"column":3}}},"s":{"0":0,"2":0,"3":0,"4":0,"5":0,"6":0,"7":0,"9":0,"10":0,"11":0,"12":0},"branchMap":{"0":{"type":"branch","line":1,"loc":{"start":{"line":1,"column":0},"end":{"line":13,"column":-89}},"locations":[{"start":{"line":1,"column":0},"end":{"line":13,"column":-89}}]}},"b":{"0":[0]},"fnMap":{"0":{"name":"(empty-report)","decl":{"start":{"line":1,"column":0},"end":{"line":13,"column":-89}},"loc":{"start":{"line":1,"column":0},"end":{"line":13,"column":-89}},"line":1}},"f":{"0":0}}
,"/Users/marvy/Documents/OpenSource/StellarGrant-fe/api/src/services/grant-sync-service.ts": {"path":"/Users/marvy/Documents/OpenSource/StellarGrant-fe/api/src/services/grant-sync-service.ts","all":false,"statementMap":{"1":{"start":{"line":2,"column":0},"end":{"line":2,"column":42}},"2":{"start":{"line":3,"column":0},"end":{"line":3,"column":54}},"3":{"start":{"line":4,"column":0},"end":{"line":4,"column":58}},"6":{"start":{"line":7,"column":0},"end":{"line":7,"column":31}},"7":{"start":{"line":8,"column":0},"end":{"line":8,"column":48}},"8":{"start":{"line":9,"column":0},"end":{"line":9,"column":60}},"9":{"start":{"line":10,"column":0},"end":{"line":10,"column":64}},"11":{"start":{"line":12,"column":0},"end":{"line":12,"column":14}},"12":{"start":{"line":13,"column":0},"end":{"line":13,"column":44}},"13":{"start":{"line":14,"column":0},"end":{"line":14,"column":58}},"14":{"start":{"line":15,"column":0},"end":{"line":15,"column":5}},"15":{"start":{"line":16,"column":0},"end":{"line":16,"column":58}},"16":{"start":{"line":17,"column":0},"end":{"line":17,"column":70}},"17":{"start":{"line":18,"column":0},"end":{"line":18,"column":74}},"18":{"start":{"line":19,"column":0},"end":{"line":19,"column":3}},"20":{"start":{"line":21,"column":0},"end":{"line":21,"column":40}},"21":{"start":{"line":22,"column":0},"end":{"line":22,"column":58}},"22":{"start":{"line":23,"column":0},"end":{"line":23,"column":33}},"23":{"start":{"line":24,"column":0},"end":{"line":24,"column":39}},"24":{"start":{"line":25,"column":0},"end":{"line":25,"column":55}},"25":{"start":{"line":26,"column":0},"end":{"line":26,"column":5}},"26":{"start":{"line":27,"column":0},"end":{"line":27,"column":3}},"28":{"start":{"line":29,"column":0},"end":{"line":29,"column":46}},"29":{"start":{"line":30,"column":0},"end":{"line":30,"column":62}},"30":{"start":{"line":31,"column":0},"end":{"line":31,"column":23}},"31":{"start":{"line":32,"column":0},"end":{"line":32,"column":37}},"32":{"start":{"line":33,"column":0},"end":{"line":33,"column":53}},"33":{"start":{"line":34,"column":0},"end":{"line":34,"column":3}},"35":{"start":{"line":36,"column":0},"end":{"line":36,"column":70}},"36":{"start":{"line":37,"column":0},"end":{"line":37,"column":74}},"37":{"start":{"line":38,"column":0},"end":{"line":38,"column":23}},"39":{"start":{"line":40,"column":0},"end":{"line":40,"column":81}},"40":{"start":{"line":41,"column":0},"end":{"line":41,"column":55}},"42":{"start":{"line":43,"column":0},"end":{"line":43,"column":23}},"43":{"start":{"line":44,"column":0},"end":{"line":44,"column":38}},"44":{"start":{"line":45,"column":0},"end":{"line":45,"column":36}},"45":{"start":{"line":46,"column":0},"end":{"line":46,"column":5}},"48":{"start":{"line":49,"column":0},"end":{"line":49,"column":61}},"49":{"start":{"line":50,"column":0},"end":{"line":50,"column":56}},"50":{"start":{"line":51,"column":0},"end":{"line":51,"column":7}},"52":{"start":{"line":53,"column":0},"end":{"line":53,"column":46}},"53":{"start":{"line":54,"column":0},"end":{"line":54,"column":60}},"54":{"start":{"line":55,"column":0},"end":{"line":55,"column":49}},"57":{"start":{"line":58,"column":0},"end":{"line":58,"column":43}},"58":{"start":{"line":59,"column":0},"end":{"line":59,"column":38}},"59":{"start":{"line":60,"column":0},"end":{"line":60,"column":28}},"60":{"start":{"line":61,"column":0},"end":{"line":61,"column":50}},"61":{"start":{"line":62,"column":0},"end":{"line":62,"column":45}},"62":{"start":{"line":63,"column":0},"end":{"line":63,"column":5}},"63":{"start":{"line":64,"column":0},"end":{"line":64,"column":3}},"64":{"start":{"line":65,"column":0},"end":{"line":65,"column":1}}},"s":{"1":1,"2":1,"3":1,"6":1,"7":41,"8":41,"9":41,"11":41,"12":41,"13":41,"14":41,"15":41,"16":41,"17":41,"18":41,"20":41,"21":26,"22":26,"23":104,"24":104,"25":104,"26":26,"28":41,"29":7,"30":7,"31":6,"32":6,"33":7,"35":41,"36":110,"37":110,"39":110,"40":110,"42":110,"43":13,"44":13,"45":13,"48":110,"49":110,"50":110,"52":110,"53":110,"54":110,"57":110,"58":13,"59":13,"60":13,"61":13,"62":13,"63":110,"64":41},"branchMap":{"0":{"type":"branch","line":7,"loc":{"start":{"line":7,"column":30},"end":{"line":65,"column":1}},"locations":[{"start":{"line":7,"column":30},"end":{"line":65,"column":1}}]},"1":{"type":"branch","line":12,"loc":{"start":{"line":12,"column":2},"end":{"line":19,"column":3}},"locations":[{"start":{"line":12,"column":2},"end":{"line":19,"column":3}}]},"2":{"type":"branch","line":21,"loc":{"start":{"line":21,"column":2},"end":{"line":27,"column":3}},"locations":[{"start":{"line":21,"column":2},"end":{"line":27,"column":3}}]},"3":{"type":"branch","line":23,"loc":{"start":{"line":23,"column":32},"end":{"line":26,"column":5}},"locations":[{"start":{"line":23,"column":32},"end":{"line":26,"column":5}}]},"4":{"type":"branch","line":29,"loc":{"start":{"line":29,"column":2},"end":{"line":34,"column":3}},"locations":[{"start":{"line":29,"column":2},"end":{"line":34,"column":3}}]},"5":{"type":"branch","line":31,"loc":{"start":{"line":31,"column":16},"end":{"line":33,"column":53}},"locations":[{"start":{"line":31,"column":16},"end":{"line":33,"column":53}}]},"6":{"type":"branch","line":31,"loc":{"start":{"line":31,"column":16},"end":{"line":31,"column":23}},"locations":[{"start":{"line":31,"column":16},"end":{"line":31,"column":23}}]},"7":{"type":"branch","line":36,"loc":{"start":{"line":36,"column":2},"end":{"line":64,"column":3}},"locations":[{"start":{"line":36,"column":2},"end":{"line":64,"column":3}}]},"8":{"type":"branch","line":38,"loc":{"start":{"line":38,"column":16},"end":{"line":38,"column":23}},"locations":[{"start":{"line":38,"column":16},"end":{"line":38,"column":23}}]},"9":{"type":"branch","line":41,"loc":{"start":{"line":41,"column":26},"end":{"line":41,"column":53}},"locations":[{"start":{"line":41,"column":26},"end":{"line":41,"column":53}}]},"10":{"type":"branch","line":41,"loc":{"start":{"line":41,"column":39},"end":{"line":41,"column":55}},"locations":[{"start":{"line":41,"column":39},"end":{"line":41,"column":55}}]},"11":{"type":"branch","line":43,"loc":{"start":{"line":43,"column":22},"end":{"line":46,"column":5}},"locations":[{"start":{"line":43,"column":22},"end":{"line":46,"column":5}}]},"12":{"type":"branch","line":58,"loc":{"start":{"line":58,"column":42},"end":{"line":63,"column":5}},"locations":[{"start":{"line":58,"column":42},"end":{"line":63,"column":5}}]}},"b":{"0":[41],"1":[41],"2":[26],"3":[104],"4":[7],"5":[6],"6":[1],"7":[110],"8":[0],"9":[97],"10":[13],"11":[13],"12":[13]},"fnMap":{"0":{"name":"<instance_members_initializer>","decl":{"start":{"line":7,"column":30},"end":{"line":65,"column":1}},"loc":{"start":{"line":7,"column":30},"end":{"line":65,"column":1}},"line":7},"1":{"name":"GrantSyncService","decl":{"start":{"line":12,"column":2},"end":{"line":19,"column":3}},"loc":{"start":{"line":12,"column":2},"end":{"line":19,"column":3}},"line":12},"2":{"name":"syncAllGrants","decl":{"start":{"line":21,"column":2},"end":{"line":27,"column":3}},"loc":{"start":{"line":21,"column":2},"end":{"line":27,"column":3}},"line":21},"3":{"name":"syncGrant","decl":{"start":{"line":29,"column":2},"end":{"line":34,"column":3}},"loc":{"start":{"line":29,"column":2},"end":{"line":34,"column":3}},"line":29},"4":{"name":"syncContributorScore","decl":{"start":{"line":36,"column":2},"end":{"line":64,"column":3}},"loc":{"start":{"line":36,"column":2},"end":{"line":64,"column":3}},"line":36}},"f":{"0":41,"1":41,"2":26,"3":7,"4":110}}
,"/Users/marvy/Documents/OpenSource/StellarGrant-fe/api/src/services/leaderboard-service.ts": {"path":"/Users/marvy/Documents/OpenSource/StellarGrant-fe/api/src/services/leaderboard-service.ts","all":false,"statementMap":{"1":{"start":{"line":2,"column":0},"end":{"line":2,"column":54}},"2":{"start":{"line":3,"column":0},"end":{"line":3,"column":58}},"4":{"start":{"line":5,"column":0},"end":{"line":5,"column":33}},"5":{"start":{"line":6,"column":0},"end":{"line":6,"column":60}},"6":{"start":{"line":7,"column":0},"end":{"line":7,"column":64}},"8":{"start":{"line":9,"column":0},"end":{"line":9,"column":56}},"9":{"start":{"line":10,"column":0},"end":{"line":10,"column":70}},"10":{"start":{"line":11,"column":0},"end":{"line":11,"column":74}},"11":{"start":{"line":12,"column":0},"end":{"line":12,"column":3}},"13":{"start":{"line":14,"column":0},"end":{"line":14,"column":94}},"14":{"start":{"line":15,"column":0},"end":{"line":15,"column":32}},"15":{"start":{"line":16,"column":0},"end":{"line":16,"column":48}},"16":{"start":{"line":17,"column":0},"end":{"line":17,"column":38}},"17":{"start":{"line":18,"column":0},"end":{"line":18,"column":33}},"18":{"start":{"line":19,"column":0},"end":{"line":19,"column":20}},"19":{"start":{"line":20,"column":0},"end":{"line":20,"column":9}},"20":{"start":{"line":21,"column":0},"end":{"line":21,"column":12}},"22":{"start":{"line":23,"column":0},"end":{"line":23,"column":39}},"23":{"start":{"line":24,"column":0},"end":{"line":24,"column":58}},"25":{"start":{"line":26,"column":0},"end":{"line":26,"column":65}},"26":{"start":{"line":27,"column":0},"end":{"line":27,"column":41}},"27":{"start":{"line":28,"column":0},"end":{"line":28,"column":56}},"28":{"start":{"line":29,"column":0},"end":{"line":29,"column":68}},"29":{"start":{"line":30,"column":0},"end":{"line":30,"column":31}},"30":{"start":{"line":31,"column":0},"end":{"line":31,"column":41}},"31":{"start":{"line":32,"column":0},"end":{"line":32,"column":35}},"32":{"start":{"line":33,"column":0},"end":{"line":33,"column":22}},"34":{"start":{"line":35,"column":0},"end":{"line":35,"column":75}},"35":{"start":{"line":36,"column":0},"end":{"line":36,"column":55}},"36":{"start":{"line":37,"column":0},"end":{"line":37,"column":68}},"37":{"start":{"line":38,"column":0},"end":{"line":38,"column":21}},"39":{"start":{"line":40,"column":0},"end":{"line":40,"column":47}},"42":{"start":{"line":43,"column":0},"end":{"line":43,"column":48}},"43":{"start":{"line":44,"column":0},"end":{"line":44,"column":39}},"44":{"start":{"line":45,"column":0},"end":{"line":45,"column":66}},"45":{"start":{"line":46,"column":0},"end":{"line":46,"column":44}},"46":{"start":{"line":47,"column":0},"end":{"line":47,"column":13}},"47":{"start":{"line":48,"column":0},"end":{"line":48,"column":18}},"48":{"start":{"line":49,"column":0},"end":{"line":49,"column":33}},"49":{"start":{"line":50,"column":0},"end":{"line":50,"column":60}},"50":{"start":{"line":51,"column":0},"end":{"line":51,"column":73}},"51":{"start":{"line":52,"column":0},"end":{"line":52,"column":12}},"52":{"start":{"line":53,"column":0},"end":{"line":53,"column":10}},"53":{"start":{"line":54,"column":0},"end":{"line":54,"column":8}},"55":{"start":{"line":56,"column":0},"end":{"line":56,"column":59}},"56":{"start":{"line":57,"column":0},"end":{"line":57,"column":5}},"57":{"start":{"line":58,"column":0},"end":{"line":58,"column":3}},"58":{"start":{"line":59,"column":0},"end":{"line":59,"column":1}}},"s":{"1":1,"2":1,"4":1,"5":41,"6":41,"8":41,"9":41,"10":41,"11":41,"13":41,"14":4,"15":3,"16":3,"17":3,"18":3,"19":3,"20":4,"22":1,"23":1,"25":1,"26":1,"27":1,"28":1,"29":1,"30":1,"31":1,"32":1,"34":1,"35":1,"36":1,"37":1,"39":1,"42":1,"43":1,"44":4,"45":4,"46":4,"47":4,"48":4,"49":4,"50":4,"51":4,"52":1,"53":1,"55":1,"56":1,"57":4,"58":41},"branchMap":{"0":{"type":"branch","line":5,"loc":{"start":{"line":5,"column":32},"end":{"line":59,"column":1}},"locations":[{"start":{"line":5,"column":32},"end":{"line":59,"column":1}}]},"1":{"type":"branch","line":9,"loc":{"start":{"line":9,"column":2},"end":{"line":12,"column":3}},"locations":[{"start":{"line":9,"column":2},"end":{"line":12,"column":3}}]},"2":{"type":"branch","line":14,"loc":{"start":{"line":14,"column":2},"end":{"line":58,"column":3}},"locations":[{"start":{"line":14,"column":2},"end":{"line":58,"column":3}}]},"3":{"type":"branch","line":15,"loc":{"start":{"line":15,"column":31},"end":{"line":21,"column":11}},"locations":[{"start":{"line":15,"column":31},"end":{"line":21,"column":11}}]},"4":{"type":"branch","line":21,"loc":{"start":{"line":21,"column":4},"end":{"line":57,"column":5}},"locations":[{"start":{"line":21,"column":4},"end":{"line":57,"column":5}}]},"5":{"type":"branch","line":44,"loc":{"start":{"line":44,"column":23},"end":{"line":53,"column":9}},"locations":[{"start":{"line":44,"column":23},"end":{"line":53,"column":9}}]},"6":{"type":"branch","line":51,"loc":{"start":{"line":51,"column":47},"end":{"line":51,"column":73}},"locations":[{"start":{"line":51,"column":47},"end":{"line":51,"column":73}}]}},"b":{"0":[41],"1":[41],"2":[4],"3":[3],"4":[1],"5":[4],"6":[0]},"fnMap":{"0":{"name":"<instance_members_initializer>","decl":{"start":{"line":5,"column":32},"end":{"line":59,"column":1}},"loc":{"start":{"line":5,"column":32},"end":{"line":59,"column":1}},"line":5},"1":{"name":"LeaderboardService","decl":{"start":{"line":9,"column":2},"end":{"line":12,"column":3}},"loc":{"start":{"line":9,"column":2},"end":{"line":12,"column":3}},"line":9},"2":{"name":"getLeaderboard","decl":{"start":{"line":14,"column":2},"end":{"line":58,"column":3}},"loc":{"start":{"line":14,"column":2},"end":{"line":58,"column":3}},"line":14}},"f":{"0":41,"1":41,"2":4}}
,"/Users/marvy/Documents/OpenSource/StellarGrant-fe/api/src/services/signature-service.ts": {"path":"/Users/marvy/Documents/OpenSource/StellarGrant-fe/api/src/services/signature-service.ts","all":false,"statementMap":{"0":{"start":{"line":1,"column":0},"end":{"line":1,"column":55}},"12":{"start":{"line":13,"column":0},"end":{"line":13,"column":31}},"13":{"start":{"line":14,"column":0},"end":{"line":14,"column":80}},"14":{"start":{"line":15,"column":0},"end":{"line":15,"column":12}},"15":{"start":{"line":16,"column":0},"end":{"line":16,"column":40}},"16":{"start":{"line":17,"column":0},"end":{"line":17,"column":22}},"17":{"start":{"line":18,"column":0},"end":{"line":18,"column":27}},"18":{"start":{"line":19,"column":0},"end":{"line":19,"column":23}},"19":{"start":{"line":20,"column":0},"end":{"line":20,"column":26}},"20":{"start":{"line":21,"column":0},"end":{"line":21,"column":20}},"21":{"start":{"line":22,"column":0},"end":{"line":22,"column":24}},"22":{"start":{"line":23,"column":0},"end":{"line":23,"column":16}},"23":{"start":{"line":24,"column":0},"end":{"line":24,"column":3}},"25":{"start":{"line":26,"column":0},"end":{"line":26,"column":50}},"26":{"start":{"line":27,"column":0},"end":{"line":27,"column":63}},"27":{"start":{"line":28,"column":0},"end":{"line":28,"column":19}},"28":{"start":{"line":29,"column":0},"end":{"line":29,"column":5}},"30":{"start":{"line":31,"column":0},"end":{"line":31,"column":63}},"31":{"start":{"line":32,"column":0},"end":{"line":32,"column":53}},"33":{"start":{"line":34,"column":0},"end":{"line":34,"column":26}},"34":{"start":{"line":35,"column":0},"end":{"line":35,"column":35}},"35":{"start":{"line":36,"column":0},"end":{"line":36,"column":47}},"36":{"start":{"line":37,"column":0},"end":{"line":37,"column":6}},"37":{"start":{"line":38,"column":0},"end":{"line":38,"column":3}},"39":{"start":{"line":40,"column":0},"end":{"line":40,"column":36}},"44":{"start":{"line":45,"column":0},"end":{"line":45,"column":14}},"45":{"start":{"line":46,"column":0},"end":{"line":46,"column":12}},"46":{"start":{"line":47,"column":0},"end":{"line":47,"column":37}},"47":{"start":{"line":48,"column":0},"end":{"line":48,"column":22}},"48":{"start":{"line":49,"column":0},"end":{"line":49,"column":20}},"49":{"start":{"line":50,"column":0},"end":{"line":50,"column":24}},"50":{"start":{"line":51,"column":0},"end":{"line":51,"column":21}},"51":{"start":{"line":52,"column":0},"end":{"line":52,"column":16}},"52":{"start":{"line":53,"column":0},"end":{"line":53,"column":3}},"54":{"start":{"line":55,"column":0},"end":{"line":55,"column":30}},"60":{"start":{"line":61,"column":0},"end":{"line":61,"column":15}},"61":{"start":{"line":62,"column":0},"end":{"line":62,"column":59}},"62":{"start":{"line":63,"column":0},"end":{"line":63,"column":19}},"63":{"start":{"line":64,"column":0},"end":{"line":64,"column":5}},"65":{"start":{"line":66,"column":0},"end":{"line":66,"column":59}},"66":{"start":{"line":67,"column":0},"end":{"line":67,"column":58}},"68":{"start":{"line":69,"column":0},"end":{"line":69,"column":26}},"69":{"start":{"line":70,"column":0},"end":{"line":70,"column":35}},"70":{"start":{"line":71,"column":0},"end":{"line":71,"column":47}},"71":{"start":{"line":72,"column":0},"end":{"line":72,"column":6}},"72":{"start":{"line":73,"column":0},"end":{"line":73,"column":3}},"73":{"start":{"line":74,"column":0},"end":{"line":74,"column":1}}},"s":{"0":1,"12":1,"13":1,"14":3,"15":3,"16":3,"17":3,"18":3,"19":3,"20":3,"21":3,"22":3,"23":3,"25":1,"26":2,"27":0,"28":0,"30":2,"31":2,"33":2,"34":2,"35":2,"36":2,"37":2,"39":1,"44":5,"45":5,"46":5,"47":5,"48":5,"49":5,"50":5,"51":5,"52":5,"54":1,"60":2,"61":2,"62":0,"63":0,"65":2,"66":2,"68":2,"69":2,"70":2,"71":2,"72":2,"73":1},"branchMap":{"0":{"type":"branch","line":14,"loc":{"start":{"line":14,"column":2},"end":{"line":24,"column":3}},"locations":[{"start":{"line":14,"column":2},"end":{"line":24,"column":3}}]},"1":{"type":"branch","line":26,"loc":{"start":{"line":26,"column":2},"end":{"line":38,"column":3}},"locations":[{"start":{"line":26,"column":2},"end":{"line":38,"column":3}}]},"2":{"type":"branch","line":27,"loc":{"start":{"line":27,"column":62},"end":{"line":29,"column":5}},"locations":[{"start":{"line":27,"column":62},"end":{"line":29,"column":5}}]},"3":{"type":"branch","line":40,"loc":{"start":{"line":40,"column":2},"end":{"line":53,"column":3}},"locations":[{"start":{"line":40,"column":2},"end":{"line":53,"column":3}}]},"4":{"type":"branch","line":55,"loc":{"start":{"line":55,"column":2},"end":{"line":73,"column":3}},"locations":[{"start":{"line":55,"column":2},"end":{"line":73,"column":3}}]},"5":{"type":"branch","line":62,"loc":{"start":{"line":62,"column":58},"end":{"line":64,"column":5}},"locations":[{"start":{"line":62,"column":58},"end":{"line":64,"column":5}}]}},"b":{"0":[3],"1":[2],"2":[0],"3":[5],"4":[2],"5":[0]},"fnMap":{"0":{"name":"buildIntentMessage","decl":{"start":{"line":14,"column":2},"end":{"line":24,"column":3}},"loc":{"start":{"line":14,"column":2},"end":{"line":24,"column":3}},"line":14},"1":{"name":"verify","decl":{"start":{"line":26,"column":2},"end":{"line":38,"column":3}},"loc":{"start":{"line":26,"column":2},"end":{"line":38,"column":3}},"line":26},"2":{"name":"buildAdminIntentMessage","decl":{"start":{"line":40,"column":2},"end":{"line":53,"column":3}},"loc":{"start":{"line":40,"column":2},"end":{"line":53,"column":3}},"line":40},"3":{"name":"verifyAdminAction","decl":{"start":{"line":55,"column":2},"end":{"line":73,"column":3}},"loc":{"start":{"line":55,"column":2},"end":{"line":73,"column":3}},"line":55}},"f":{"0":3,"1":2,"2":5,"3":2}}
,"/Users/marvy/Documents/OpenSource/StellarGrant-fe/api/src/soroban/types.ts": {"path":"/Users/marvy/Documents/OpenSource/StellarGrant-fe/api/src/soroban/types.ts","all":true,"statementMap":{},"s":{},"branchMap":{"0":{"type":"branch","line":1,"loc":{"start":{"line":1,"column":627},"end":{"line":22,"column":1}},"locations":[{"start":{"line":1,"column":627},"end":{"line":22,"column":1}}]}},"b":{"0":[1]},"fnMap":{"0":{"name":"(empty-report)","decl":{"start":{"line":1,"column":627},"end":{"line":22,"column":1}},"loc":{"start":{"line":1,"column":627},"end":{"line":22,"column":1}},"line":1}},"f":{"0":1}}
}
